This is pdfTeX, Version 3.14159265-2.6-1.40.20 (TeX Live 2019/Debian) (preloaded format=pdflatex 2021.12.19)  22 FEB 2022 20:44
entering extended mode
 restricted \write18 enabled.
 %&-line parsing enabled.
**main
(./main.tex
LaTeX2e <2020-02-02> patch level 2
L3 programming layer <2020-02-14> (./Utils/utils_report.cls

LaTeX Warning: You have requested document class `Utils/utils_report',
               but the document class provides `utils_report'.

Document Class: utils_report 15/01/2021 Classe personnelle Utils pour document 
report, V1.0
(/usr/share/texlive/texmf-dist/tex/latex/base/report.cls
Document Class: report 2019/12/20 v1.4l Standard LaTeX document class
(/usr/share/texlive/texmf-dist/tex/latex/base/size12.clo
File: size12.clo 2019/12/20 v1.4l Standard LaTeX file (size option)
)
\c@part=\count167
\c@chapter=\count168
\c@section=\count169
\c@subsection=\count170
\c@subsubsection=\count171
\c@paragraph=\count172
\c@subparagraph=\count173
\c@figure=\count174
\c@table=\count175
\abovecaptionskip=\skip47
\belowcaptionskip=\skip48
\bibindent=\dimen134
)
(/usr/share/texlive/texmf-dist/tex/generic/babel/babel.sty
Package: babel 2020/02/14 3.40 The Babel package

(/usr/share/texlive/texmf-dist/tex/generic/babel/switch.def
File: switch.def 2020/02/14 3.40 Babel switching mechanism
)
(/usr/share/texlive/texmf-dist/tex/generic/babel-french/french.ldf
Language: french 2020/01/30 v3.5g French support from the babel system

(/usr/share/texlive/texmf-dist/tex/generic/babel/babel.def
File: babel.def 2020/02/14 3.40 Babel common definitions
\babel@savecnt=\count176
\U@D=\dimen135

(/usr/share/texlive/texmf-dist/tex/generic/babel/txtbabel.def)
\bbl@readstream=\read2
\bbl@dirlevel=\count177
)
Package babel Info: \l@acadian = using hyphenrules for french
(babel)             (\language55) on input line 91.
Package babel Info: \l@canadien = using hyphenrules for french
(babel)             (\language55) on input line 92.
\FB@nonchar=\count178
Package babel Info: Making : an active character on input line 419.
Package babel Info: Making ; an active character on input line 420.
Package babel Info: Making ! an active character on input line 421.
Package babel Info: Making ? an active character on input line 422.
\FBguill@level=\count179
\FBold@everypar=\toks14
\FB@Mht=\dimen136
\mc@charclass=\count180
\mc@charfam=\count181
\mc@charslot=\count182
\std@mcc=\count183
\dec@mcc=\count184
\c@FBcaption@count=\count185
\listindentFB=\dimen137
\descindentFB=\dimen138
\labelindentFB=\dimen139
\labelwidthFB=\dimen140
\leftmarginFB=\dimen141
\parindentFFN=\dimen142
\FBfnindent=\dimen143
))
(/usr/share/texlive/texmf-dist/tex/latex/carlisle/scalefnt.sty)
(/usr/share/texlive/texmf-dist/tex/latex/graphics/keyval.sty
Package: keyval 2014/10/28 v1.15 key=value parser (DPC)
\KV@toks@=\toks15
)
(./Utils/Utils.sty (./Utils/Badges.sty
(/usr/share/texmf/tex/latex/lm/lmodern.sty
Package: lmodern 2009/10/30 v1.6 Latin Modern Fonts
LaTeX Font Info:    Overwriting symbol font `operators' in version `normal'
(Font)                  OT1/cmr/m/n --> OT1/lmr/m/n on input line 22.
LaTeX Font Info:    Overwriting symbol font `letters' in version `normal'
(Font)                  OML/cmm/m/it --> OML/lmm/m/it on input line 23.
LaTeX Font Info:    Overwriting symbol font `symbols' in version `normal'
(Font)                  OMS/cmsy/m/n --> OMS/lmsy/m/n on input line 24.
LaTeX Font Info:    Overwriting symbol font `largesymbols' in version `normal'
(Font)                  OMX/cmex/m/n --> OMX/lmex/m/n on input line 25.
LaTeX Font Info:    Overwriting symbol font `operators' in version `bold'
(Font)                  OT1/cmr/bx/n --> OT1/lmr/bx/n on input line 26.
LaTeX Font Info:    Overwriting symbol font `letters' in version `bold'
(Font)                  OML/cmm/b/it --> OML/lmm/b/it on input line 27.
LaTeX Font Info:    Overwriting symbol font `symbols' in version `bold'
(Font)                  OMS/cmsy/b/n --> OMS/lmsy/b/n on input line 28.
LaTeX Font Info:    Overwriting symbol font `largesymbols' in version `bold'
(Font)                  OMX/cmex/m/n --> OMX/lmex/m/n on input line 29.
LaTeX Font Info:    Overwriting math alphabet `\mathbf' in version `normal'
(Font)                  OT1/cmr/bx/n --> OT1/lmr/bx/n on input line 31.
LaTeX Font Info:    Overwriting math alphabet `\mathsf' in version `normal'
(Font)                  OT1/cmss/m/n --> OT1/lmss/m/n on input line 32.
LaTeX Font Info:    Overwriting math alphabet `\mathit' in version `normal'
(Font)                  OT1/cmr/m/it --> OT1/lmr/m/it on input line 33.
LaTeX Font Info:    Overwriting math alphabet `\mathtt' in version `normal'
(Font)                  OT1/cmtt/m/n --> OT1/lmtt/m/n on input line 34.
LaTeX Font Info:    Overwriting math alphabet `\mathbf' in version `bold'
(Font)                  OT1/cmr/bx/n --> OT1/lmr/bx/n on input line 35.
LaTeX Font Info:    Overwriting math alphabet `\mathsf' in version `bold'
(Font)                  OT1/cmss/bx/n --> OT1/lmss/bx/n on input line 36.
LaTeX Font Info:    Overwriting math alphabet `\mathit' in version `bold'
(Font)                  OT1/cmr/bx/it --> OT1/lmr/bx/it on input line 37.
LaTeX Font Info:    Overwriting math alphabet `\mathtt' in version `bold'
(Font)                  OT1/cmtt/m/n --> OT1/lmtt/m/n on input line 38.
)
(/usr/share/texlive/texmf-dist/tex/latex/tcolorbox/tcolorbox.sty
Package: tcolorbox 2019/11/15 version 4.22 text color boxes

(/usr/share/texlive/texmf-dist/tex/latex/pgf/basiclayer/pgf.sty
(/usr/share/texlive/texmf-dist/tex/latex/pgf/utilities/pgfrcs.sty
(/usr/share/texlive/texmf-dist/tex/generic/pgf/utilities/pgfutil-common.tex
\pgfutil@everybye=\toks16
\pgfutil@tempdima=\dimen144
\pgfutil@tempdimb=\dimen145

(/usr/share/texlive/texmf-dist/tex/generic/pgf/utilities/pgfutil-common-lists.t
ex)) (/usr/share/texlive/texmf-dist/tex/generic/pgf/utilities/pgfutil-latex.def
\pgfutil@abb=\box45
(/usr/share/texlive/texmf-dist/tex/latex/ms/everyshi.sty
Package: everyshi 2001/05/15 v3.00 EveryShipout Package (MS)
))
(/usr/share/texlive/texmf-dist/tex/generic/pgf/utilities/pgfrcs.code.tex
(/usr/share/texlive/texmf-dist/tex/generic/pgf/pgf.revision.tex)
Package: pgfrcs 2020/01/08 v3.1.5b (3.1.5b)
))
Package: pgf 2020/01/08 v3.1.5b (3.1.5b)

(/usr/share/texlive/texmf-dist/tex/latex/pgf/basiclayer/pgfcore.sty
(/usr/share/texlive/texmf-dist/tex/latex/graphics/graphicx.sty
Package: graphicx 2019/11/30 v1.2a Enhanced LaTeX Graphics (DPC,SPQR)

(/usr/share/texlive/texmf-dist/tex/latex/graphics/graphics.sty
Package: graphics 2019/11/30 v1.4a Standard LaTeX Graphics (DPC,SPQR)

(/usr/share/texlive/texmf-dist/tex/latex/graphics/trig.sty
Package: trig 2016/01/03 v1.10 sin cos tan (DPC)
)
(/usr/share/texlive/texmf-dist/tex/latex/graphics-cfg/graphics.cfg
File: graphics.cfg 2016/06/04 v1.11 sample graphics configuration
)
Package graphics Info: Driver file: pdftex.def on input line 105.

(/usr/share/texlive/texmf-dist/tex/latex/graphics-def/pdftex.def
File: pdftex.def 2018/01/08 v1.0l Graphics/color driver for pdftex
))
\Gin@req@height=\dimen146
\Gin@req@width=\dimen147
)
(/usr/share/texlive/texmf-dist/tex/latex/pgf/systemlayer/pgfsys.sty
(/usr/share/texlive/texmf-dist/tex/generic/pgf/systemlayer/pgfsys.code.tex
Package: pgfsys 2020/01/08 v3.1.5b (3.1.5b)

(/usr/share/texlive/texmf-dist/tex/generic/pgf/utilities/pgfkeys.code.tex
\pgfkeys@pathtoks=\toks17
\pgfkeys@temptoks=\toks18

(/usr/share/texlive/texmf-dist/tex/generic/pgf/utilities/pgfkeysfiltered.code.t
ex
\pgfkeys@tmptoks=\toks19
))
\pgf@x=\dimen148
\pgf@y=\dimen149
\pgf@xa=\dimen150
\pgf@ya=\dimen151
\pgf@xb=\dimen152
\pgf@yb=\dimen153
\pgf@xc=\dimen154
\pgf@yc=\dimen155
\pgf@xd=\dimen156
\pgf@yd=\dimen157
\w@pgf@writea=\write3
\r@pgf@reada=\read3
\c@pgf@counta=\count186
\c@pgf@countb=\count187
\c@pgf@countc=\count188
\c@pgf@countd=\count189
\t@pgf@toka=\toks20
\t@pgf@tokb=\toks21
\t@pgf@tokc=\toks22
\pgf@sys@id@count=\count190
 (/usr/share/texlive/texmf-dist/tex/generic/pgf/systemlayer/pgf.cfg
File: pgf.cfg 2020/01/08 v3.1.5b (3.1.5b)
)
Driver file for pgf: pgfsys-pdftex.def

(/usr/share/texlive/texmf-dist/tex/generic/pgf/systemlayer/pgfsys-pdftex.def
File: pgfsys-pdftex.def 2020/01/08 v3.1.5b (3.1.5b)

(/usr/share/texlive/texmf-dist/tex/generic/pgf/systemlayer/pgfsys-common-pdf.de
f
File: pgfsys-common-pdf.def 2020/01/08 v3.1.5b (3.1.5b)
)))
(/usr/share/texlive/texmf-dist/tex/generic/pgf/systemlayer/pgfsyssoftpath.code.
tex
File: pgfsyssoftpath.code.tex 2020/01/08 v3.1.5b (3.1.5b)
\pgfsyssoftpath@smallbuffer@items=\count191
\pgfsyssoftpath@bigbuffer@items=\count192
)
(/usr/share/texlive/texmf-dist/tex/generic/pgf/systemlayer/pgfsysprotocol.code.
tex
File: pgfsysprotocol.code.tex 2020/01/08 v3.1.5b (3.1.5b)
)) (/usr/share/texlive/texmf-dist/tex/latex/xcolor/xcolor.sty
Package: xcolor 2016/05/11 v2.12 LaTeX color extensions (UK)

(/usr/share/texlive/texmf-dist/tex/latex/graphics-cfg/color.cfg
File: color.cfg 2016/01/02 v1.6 sample color configuration
)
Package xcolor Info: Driver file: pdftex.def on input line 225.
Package xcolor Info: Model `cmy' substituted by `cmy0' on input line 1348.
Package xcolor Info: Model `hsb' substituted by `rgb' on input line 1352.
Package xcolor Info: Model `RGB' extended on input line 1364.
Package xcolor Info: Model `HTML' substituted by `rgb' on input line 1366.
Package xcolor Info: Model `Hsb' substituted by `hsb' on input line 1367.
Package xcolor Info: Model `tHsb' substituted by `hsb' on input line 1368.
Package xcolor Info: Model `HSB' substituted by `hsb' on input line 1369.
Package xcolor Info: Model `Gray' substituted by `gray' on input line 1370.
Package xcolor Info: Model `wave' substituted by `hsb' on input line 1371.
)
(/usr/share/texlive/texmf-dist/tex/generic/pgf/basiclayer/pgfcore.code.tex
Package: pgfcore 2020/01/08 v3.1.5b (3.1.5b)

(/usr/share/texlive/texmf-dist/tex/generic/pgf/math/pgfmath.code.tex
(/usr/share/texlive/texmf-dist/tex/generic/pgf/math/pgfmathcalc.code.tex
(/usr/share/texlive/texmf-dist/tex/generic/pgf/math/pgfmathutil.code.tex)
(/usr/share/texlive/texmf-dist/tex/generic/pgf/math/pgfmathparser.code.tex
\pgfmath@dimen=\dimen158
\pgfmath@count=\count193
\pgfmath@box=\box46
\pgfmath@toks=\toks23
\pgfmath@stack@operand=\toks24
\pgfmath@stack@operation=\toks25
)
(/usr/share/texlive/texmf-dist/tex/generic/pgf/math/pgfmathfunctions.code.tex
(/usr/share/texlive/texmf-dist/tex/generic/pgf/math/pgfmathfunctions.basic.code
.tex)
(/usr/share/texlive/texmf-dist/tex/generic/pgf/math/pgfmathfunctions.trigonomet
ric.code.tex)
(/usr/share/texlive/texmf-dist/tex/generic/pgf/math/pgfmathfunctions.random.cod
e.tex)
(/usr/share/texlive/texmf-dist/tex/generic/pgf/math/pgfmathfunctions.comparison
.code.tex)
(/usr/share/texlive/texmf-dist/tex/generic/pgf/math/pgfmathfunctions.base.code.
tex)
(/usr/share/texlive/texmf-dist/tex/generic/pgf/math/pgfmathfunctions.round.code
.tex)
(/usr/share/texlive/texmf-dist/tex/generic/pgf/math/pgfmathfunctions.misc.code.
tex)
(/usr/share/texlive/texmf-dist/tex/generic/pgf/math/pgfmathfunctions.integerari
thmetics.code.tex)))
(/usr/share/texlive/texmf-dist/tex/generic/pgf/math/pgfmathfloat.code.tex
\c@pgfmathroundto@lastzeros=\count194
))
(/usr/share/texlive/texmf-dist/tex/generic/pgf/math/pgfint.code.tex)
(/usr/share/texlive/texmf-dist/tex/generic/pgf/basiclayer/pgfcorepoints.code.te
x
File: pgfcorepoints.code.tex 2020/01/08 v3.1.5b (3.1.5b)
\pgf@picminx=\dimen159
\pgf@picmaxx=\dimen160
\pgf@picminy=\dimen161
\pgf@picmaxy=\dimen162
\pgf@pathminx=\dimen163
\pgf@pathmaxx=\dimen164
\pgf@pathminy=\dimen165
\pgf@pathmaxy=\dimen166
\pgf@xx=\dimen167
\pgf@xy=\dimen168
\pgf@yx=\dimen169
\pgf@yy=\dimen170
\pgf@zx=\dimen171
\pgf@zy=\dimen172
)
(/usr/share/texlive/texmf-dist/tex/generic/pgf/basiclayer/pgfcorepathconstruct.
code.tex
File: pgfcorepathconstruct.code.tex 2020/01/08 v3.1.5b (3.1.5b)
\pgf@path@lastx=\dimen173
\pgf@path@lasty=\dimen174
)
(/usr/share/texlive/texmf-dist/tex/generic/pgf/basiclayer/pgfcorepathusage.code
.tex
File: pgfcorepathusage.code.tex 2020/01/08 v3.1.5b (3.1.5b)
\pgf@shorten@end@additional=\dimen175
\pgf@shorten@start@additional=\dimen176
)
(/usr/share/texlive/texmf-dist/tex/generic/pgf/basiclayer/pgfcorescopes.code.te
x
File: pgfcorescopes.code.tex 2020/01/08 v3.1.5b (3.1.5b)
\pgfpic=\box47
\pgf@hbox=\box48
\pgf@layerbox@main=\box49
\pgf@picture@serial@count=\count195
)
(/usr/share/texlive/texmf-dist/tex/generic/pgf/basiclayer/pgfcoregraphicstate.c
ode.tex
File: pgfcoregraphicstate.code.tex 2020/01/08 v3.1.5b (3.1.5b)
\pgflinewidth=\dimen177
)
(/usr/share/texlive/texmf-dist/tex/generic/pgf/basiclayer/pgfcoretransformation
s.code.tex
File: pgfcoretransformations.code.tex 2020/01/08 v3.1.5b (3.1.5b)
\pgf@pt@x=\dimen178
\pgf@pt@y=\dimen179
\pgf@pt@temp=\dimen180
)
(/usr/share/texlive/texmf-dist/tex/generic/pgf/basiclayer/pgfcorequick.code.tex
File: pgfcorequick.code.tex 2020/01/08 v3.1.5b (3.1.5b)
)
(/usr/share/texlive/texmf-dist/tex/generic/pgf/basiclayer/pgfcoreobjects.code.t
ex
File: pgfcoreobjects.code.tex 2020/01/08 v3.1.5b (3.1.5b)
)
(/usr/share/texlive/texmf-dist/tex/generic/pgf/basiclayer/pgfcorepathprocessing
.code.tex
File: pgfcorepathprocessing.code.tex 2020/01/08 v3.1.5b (3.1.5b)
)
(/usr/share/texlive/texmf-dist/tex/generic/pgf/basiclayer/pgfcorearrows.code.te
x
File: pgfcorearrows.code.tex 2020/01/08 v3.1.5b (3.1.5b)
\pgfarrowsep=\dimen181
)
(/usr/share/texlive/texmf-dist/tex/generic/pgf/basiclayer/pgfcoreshade.code.tex
File: pgfcoreshade.code.tex 2020/01/08 v3.1.5b (3.1.5b)
\pgf@max=\dimen182
\pgf@sys@shading@range@num=\count196
\pgf@shadingcount=\count197
)
(/usr/share/texlive/texmf-dist/tex/generic/pgf/basiclayer/pgfcoreimage.code.tex
File: pgfcoreimage.code.tex 2020/01/08 v3.1.5b (3.1.5b)

(/usr/share/texlive/texmf-dist/tex/generic/pgf/basiclayer/pgfcoreexternal.code.
tex
File: pgfcoreexternal.code.tex 2020/01/08 v3.1.5b (3.1.5b)
\pgfexternal@startupbox=\box50
))
(/usr/share/texlive/texmf-dist/tex/generic/pgf/basiclayer/pgfcorelayers.code.te
x
File: pgfcorelayers.code.tex 2020/01/08 v3.1.5b (3.1.5b)
)
(/usr/share/texlive/texmf-dist/tex/generic/pgf/basiclayer/pgfcoretransparency.c
ode.tex
File: pgfcoretransparency.code.tex 2020/01/08 v3.1.5b (3.1.5b)
)
(/usr/share/texlive/texmf-dist/tex/generic/pgf/basiclayer/pgfcorepatterns.code.
tex
File: pgfcorepatterns.code.tex 2020/01/08 v3.1.5b (3.1.5b)
)
(/usr/share/texlive/texmf-dist/tex/generic/pgf/basiclayer/pgfcorerdf.code.tex
File: pgfcorerdf.code.tex 2020/01/08 v3.1.5b (3.1.5b)
)))
(/usr/share/texlive/texmf-dist/tex/generic/pgf/modules/pgfmoduleshapes.code.tex
File: pgfmoduleshapes.code.tex 2020/01/08 v3.1.5b (3.1.5b)
\pgfnodeparttextbox=\box51
) (/usr/share/texlive/texmf-dist/tex/generic/pgf/modules/pgfmoduleplot.code.tex
File: pgfmoduleplot.code.tex 2020/01/08 v3.1.5b (3.1.5b)
)
(/usr/share/texlive/texmf-dist/tex/latex/pgf/compatibility/pgfcomp-version-0-65
.sty
Package: pgfcomp-version-0-65 2020/01/08 v3.1.5b (3.1.5b)
\pgf@nodesepstart=\dimen183
\pgf@nodesepend=\dimen184
)
(/usr/share/texlive/texmf-dist/tex/latex/pgf/compatibility/pgfcomp-version-1-18
.sty
Package: pgfcomp-version-1-18 2020/01/08 v3.1.5b (3.1.5b)
)) (/usr/share/texlive/texmf-dist/tex/latex/tools/verbatim.sty
Package: verbatim 2019/11/10 v1.5r LaTeX2e package for verbatim enhancements
\every@verbatim=\toks26
\verbatim@line=\toks27
\verbatim@in@stream=\read4
)
(/usr/share/texlive/texmf-dist/tex/latex/environ/environ.sty
Package: environ 2014/05/04 v0.3 A new way to define environments

(/usr/share/texlive/texmf-dist/tex/latex/trimspaces/trimspaces.sty
Package: trimspaces 2009/09/17 v1.1 Trim spaces around a token list
)
\@envbody=\toks28
)
(/usr/share/texlive/texmf-dist/tex/latex/etoolbox/etoolbox.sty
Package: etoolbox 2019/09/21 v2.5h e-TeX tools for LaTeX (JAW)
\etb@tempcnta=\count198
)
\tcb@titlebox=\box52
\tcb@upperbox=\box53
\tcb@lowerbox=\box54
\tcb@phantombox=\box55
\c@tcbbreakpart=\count199
\c@tcblayer=\count266
\tcolorbox@number=\count267
\tcb@temp=\box56
\tcb@temp=\box57
\tcb@temp=\box58
\tcb@temp=\box59
\tcb@out=\write4
\tcb@record@out=\write5

(/usr/share/texlive/texmf-dist/tex/latex/tcolorbox/tcbraster.code.tex
Library (tcolorbox): 'tcbraster.code.tex' version '4.22'
\c@tcbrastercolumn=\count268
\c@tcbrasterrow=\count269
\c@tcbraster=\count270
) (/usr/share/texlive/texmf-dist/tex/latex/tcolorbox/tcbskins.code.tex
Library (tcolorbox): 'tcbskins.code.tex' version '4.22'
(/usr/share/texlive/texmf-dist/tex/latex/pgf/frontendlayer/tikz.sty
(/usr/share/texlive/texmf-dist/tex/latex/pgf/utilities/pgffor.sty
(/usr/share/texlive/texmf-dist/tex/latex/pgf/utilities/pgfkeys.sty
(/usr/share/texlive/texmf-dist/tex/generic/pgf/utilities/pgfkeys.code.tex))
(/usr/share/texlive/texmf-dist/tex/latex/pgf/math/pgfmath.sty
(/usr/share/texlive/texmf-dist/tex/generic/pgf/math/pgfmath.code.tex))
(/usr/share/texlive/texmf-dist/tex/generic/pgf/utilities/pgffor.code.tex
Package: pgffor 2020/01/08 v3.1.5b (3.1.5b)

(/usr/share/texlive/texmf-dist/tex/generic/pgf/math/pgfmath.code.tex)
\pgffor@iter=\dimen185
\pgffor@skip=\dimen186
\pgffor@stack=\toks29
\pgffor@toks=\toks30
))
(/usr/share/texlive/texmf-dist/tex/generic/pgf/frontendlayer/tikz/tikz.code.tex
Package: tikz 2020/01/08 v3.1.5b (3.1.5b)

(/usr/share/texlive/texmf-dist/tex/generic/pgf/libraries/pgflibraryplothandlers
.code.tex
File: pgflibraryplothandlers.code.tex 2020/01/08 v3.1.5b (3.1.5b)
\pgf@plot@mark@count=\count271
\pgfplotmarksize=\dimen187
)
\tikz@lastx=\dimen188
\tikz@lasty=\dimen189
\tikz@lastxsaved=\dimen190
\tikz@lastysaved=\dimen191
\tikz@lastmovetox=\dimen192
\tikz@lastmovetoy=\dimen193
\tikzleveldistance=\dimen194
\tikzsiblingdistance=\dimen195
\tikz@figbox=\box60
\tikz@figbox@bg=\box61
\tikz@tempbox=\box62
\tikz@tempbox@bg=\box63
\tikztreelevel=\count272
\tikznumberofchildren=\count273
\tikznumberofcurrentchild=\count274
\tikz@fig@count=\count275

(/usr/share/texlive/texmf-dist/tex/generic/pgf/modules/pgfmodulematrix.code.tex
File: pgfmodulematrix.code.tex 2020/01/08 v3.1.5b (3.1.5b)
\pgfmatrixcurrentrow=\count276
\pgfmatrixcurrentcolumn=\count277
\pgf@matrix@numberofcolumns=\count278
)
\tikz@expandcount=\count279

(/usr/share/texlive/texmf-dist/tex/generic/pgf/frontendlayer/tikz/libraries/tik
zlibrarytopaths.code.tex
File: tikzlibrarytopaths.code.tex 2020/01/08 v3.1.5b (3.1.5b)
)))
\tcb@waterbox=\box64

(/usr/share/texlive/texmf-dist/tex/latex/tcolorbox/tcbskinsjigsaw.code.tex
Library (tcolorbox): 'tcbskinsjigsaw.code.tex' version '4.22'
)) (/usr/share/texlive/texmf-dist/tex/latex/tcolorbox/tcbbreakable.code.tex
Library (tcolorbox): 'tcbbreakable.code.tex' version '4.22'
\tcb@testbox=\box65
\tcb@totalupperbox=\box66
\tcb@totallowerbox=\box67
) (/usr/share/texlive/texmf-dist/tex/latex/tcolorbox/tcbhooks.code.tex
Library (tcolorbox): 'tcbhooks.code.tex' version '4.22'
) (/usr/share/texlive/texmf-dist/tex/latex/tcolorbox/tcbtheorems.code.tex
Library (tcolorbox): 'tcbtheorems.code.tex' version '4.22'
(/usr/share/texlive/texmf-dist/tex/latex/amsmath/amsmath.sty
Package: amsmath 2020/01/20 v2.17e AMS math features
\@mathmargin=\skip49

For additional information on amsmath, use the `?' option.
(/usr/share/texlive/texmf-dist/tex/latex/amsmath/amstext.sty
Package: amstext 2000/06/29 v2.01 AMS text

(/usr/share/texlive/texmf-dist/tex/latex/amsmath/amsgen.sty
File: amsgen.sty 1999/11/30 v2.0 generic functions
\@emptytoks=\toks31
\ex@=\dimen196
))
(/usr/share/texlive/texmf-dist/tex/latex/amsmath/amsbsy.sty
Package: amsbsy 1999/11/29 v1.2d Bold Symbols
\pmbraise@=\dimen197
)
(/usr/share/texlive/texmf-dist/tex/latex/amsmath/amsopn.sty
Package: amsopn 2016/03/08 v2.02 operator names
)
\inf@bad=\count280
LaTeX Info: Redefining \frac on input line 227.
\uproot@=\count281
\leftroot@=\count282
LaTeX Info: Redefining \overline on input line 389.
\classnum@=\count283
\DOTSCASE@=\count284
LaTeX Info: Redefining \ldots on input line 486.
LaTeX Info: Redefining \dots on input line 489.
LaTeX Info: Redefining \cdots on input line 610.
\Mathstrutbox@=\box68
\strutbox@=\box69
\big@size=\dimen198
LaTeX Font Info:    Redeclaring font encoding OML on input line 733.
LaTeX Font Info:    Redeclaring font encoding OMS on input line 734.
\macc@depth=\count285
\c@MaxMatrixCols=\count286
\dotsspace@=\muskip16
\c@parentequation=\count287
\dspbrk@lvl=\count288
\tag@help=\toks32
\row@=\count289
\column@=\count290
\maxfields@=\count291
\andhelp@=\toks33
\eqnshift@=\dimen199
\alignsep@=\dimen256
\tagshift@=\dimen257
\tagwidth@=\dimen258
\totwidth@=\dimen259
\lineht@=\dimen260
\@envbody=\toks34
\multlinegap=\skip50
\multlinetaggap=\skip51
\mathdisplay@stack=\toks35
LaTeX Info: Redefining \[ on input line 2859.
LaTeX Info: Redefining \] on input line 2860.
))
(/usr/share/texlive/texmf-dist/tex/latex/tcolorbox/tcbfitting.code.tex
Library (tcolorbox): 'tcbfitting.code.tex' version '4.22'
\tcbfitdim=\dimen261
\tcb@lowerfitdim=\dimen262
\tcb@upperfitdim=\dimen263
\tcb@cur@hbadness=\count292
) (/usr/share/texlive/texmf-dist/tex/latex/tcolorbox/tcbxparse.code.tex
Library (tcolorbox): 'tcbxparse.code.tex' version '4.22'
(/usr/share/texlive/texmf-dist/tex/latex/l3packages/xparse/xparse.sty
(/usr/share/texlive/texmf-dist/tex/latex/l3kernel/expl3.sty
Package: expl3 2020-02-14 L3 programming layer (loader) 

(/usr/share/texlive/texmf-dist/tex/latex/l3backend/l3backend-pdfmode.def
File: l3backend-pdfmode.def 2020-02-03 L3 backend support: PDF mode
\l__kernel_color_stack_int=\count293
\l__pdf_internal_box=\box70
))
Package: xparse 2020-02-14 L3 Experimental document command parser
\l__xparse_current_arg_int=\count294
\g__xparse_grabber_int=\count295
\l__xparse_m_args_int=\count296
\l__xparse_v_nesting_int=\count297
))))
(./Utils/Bibliography.sty
(/usr/share/texlive/texmf-dist/tex/latex/cite/cite.sty
LaTeX Info: Redefining \cite on input line 302.
LaTeX Info: Redefining \nocite on input line 332.
Package: cite 2015/02/27  v 5.5
)
(/usr/share/texlive/texmf-dist/tex/latex/epigraph/epigraph.sty
Package: epigraph 2020/01/02 v1.5e typesetting epigraphs

(/usr/share/texlive/texmf-dist/tex/latex/nextpage/nextpage.sty
Package: nextpage 2009/09/03 v1.1a additional page commands
)
\beforeepigraphskip=\skip52
\afterepigraphskip=\skip53
\epigraphwidth=\skip54
\epigraphrule=\skip55
)
(/usr/share/texlive/texmf-dist/tex/latex/quotchap/quotchap.sty
Package: quotchap 2019/07/09 v1.2 Decorative Chapter Headings with Quotes
\@quotebox=\box71
))
(./Utils/Chapter_1.sty) (./Utils/Colors.sty) (./Utils/Debug.sty)
(./Utils/Electronic.sty
(/usr/share/texlive/texmf-dist/tex/latex/tikz-timing/tikz-timing.sty
Package: tikz-timing 2017/12/20 v0.7f Digital Timing Diagrams using TikZ

(/usr/share/texlive/texmf-dist/tex/generic/pgf/frontendlayer/tikz/libraries/tik
zlibrarycalc.code.tex
File: tikzlibrarycalc.code.tex 2020/01/08 v3.1.5b (3.1.5b)
)
(/usr/share/texlive/texmf-dist/tex/generic/pgf/frontendlayer/tikz/libraries/tik
zlibrarybackgrounds.code.tex
File: tikzlibrarybackgrounds.code.tex 2020/01/08 v3.1.5b (3.1.5b)
\pgf@layerbox@background=\box72
\pgf@layerboxsaved@background=\box73
)
(/usr/share/texlive/texmf-dist/tex/generic/pgf/frontendlayer/tikz/libraries/tik
zlibrarydecorations.pathmorphing.code.tex
(/usr/share/texlive/texmf-dist/tex/generic/pgf/frontendlayer/tikz/libraries/tik
zlibrarydecorations.code.tex
(/usr/share/texlive/texmf-dist/tex/generic/pgf/modules/pgfmoduledecorations.cod
e.tex
\pgfdecoratedcompleteddistance=\dimen264
\pgfdecoratedremainingdistance=\dimen265
\pgfdecoratedinputsegmentcompleteddistance=\dimen266
\pgfdecoratedinputsegmentremainingdistance=\dimen267
\pgf@decorate@distancetomove=\dimen268
\pgf@decorate@repeatstate=\count298
\pgfdecorationsegmentamplitude=\dimen269
\pgfdecorationsegmentlength=\dimen270
)
\tikz@lib@dec@box=\box74
)
(/usr/share/texlive/texmf-dist/tex/generic/pgf/libraries/decorations/pgflibrary
decorations.pathmorphing.code.tex))
\tikztiming@numint=\count299
\tikztiming@numfrac=\count300
\tikztiming@xunit=\skip56
\tikztiming@yunit=\skip57
\tikztiming@debug=\count301
\c@tikztiming@nrows=\count302
\c@tikztimingrows=\count303
\c@tikztimingtrans=\count304
\c@tikztimingtranspos=\count305
)
(/usr/share/texlive/texmf-dist/tex/latex/circuitikz/circuitikz.sty
Package: circuitikz 2020/02/04{} The CircuiTikz circuit drawing package version
 1.0

(/usr/share/texlive/texmf-dist/tex/generic/pgf/libraries/pgflibraryarrows.meta.
code.tex
File: pgflibraryarrows.meta.code.tex 2020/01/08 v3.1.5b (3.1.5b)
\pgfarrowinset=\dimen271
\pgfarrowlength=\dimen272
\pgfarrowwidth=\dimen273
\pgfarrowlinewidth=\dimen274
)
(/usr/share/texlive/texmf-dist/tex/generic/pgf/frontendlayer/tikz/libraries/tik
zlibrarybending.code.tex
File: tikzlibrarybending.code.tex 2020/01/08 v3.1.5b (3.1.5b)

(/usr/share/texlive/texmf-dist/tex/generic/pgf/modules/pgfmodulebending.code.te
x
File: pgfmodulebending.code.tex 2020/01/08 v3.1.5b (3.1.5b)

(/usr/share/texlive/texmf-dist/tex/generic/pgf/modules/pgfmodulenonlineartransf
ormations.code.tex
File: pgfmodulenonlineartransformations.code.tex 2020/01/08 v3.1.5b (3.1.5b)
\pgftransformnonlinearflatness=\dimen275
)
(/usr/share/texlive/texmf-dist/tex/generic/pgf/libraries/pgflibrarycurvilinear.
code.tex
File: pgflibrarycurvilinear.code.tex 2020/01/08 v3.1.5b (3.1.5b)
\pgf@curvilinear@time@a=\dimen276
\pgf@curvilinear@length@a=\dimen277
\pgf@curvilinear@length@b=\dimen278
\pgf@curvilinear@length@c=\dimen279
\pgf@curvilinear@length@d=\dimen280
)
\pgf@arrows@the@rigidity=\dimen281
))
(/usr/share/texlive/texmf-dist/tex/generic/circuitikz/pgfcirc.defines.tex
\pgf@circ@count@a=\count306
\pgf@circ@count@b=\count307
\pgf@circ@count@c=\count308
\pgf@circ@res@up=\dimen282
\pgf@circ@res@down=\dimen283
\pgf@circ@res@zero=\dimen284
\pgf@circ@res@left=\dimen285
\pgf@circ@res@right=\dimen286
\pgf@circ@res@other=\dimen287
\pgf@circ@res@step=\dimen288
\pgf@circ@res@temp=\dimen289
\pgfstartlinewidth=\dimen290
\pgf@circ@Rlen=\dimen291
\pgf@circ@scaled@Rlen=\dimen292
)
(/usr/share/texlive/texmf-dist/tex/generic/circuitikz/pgfcircutils.tex)
(/usr/share/texlive/texmf-dist/tex/generic/circuitikz/pgfcircshapes.tex)
(/usr/share/texlive/texmf-dist/tex/generic/circuitikz/pgfcircmonopoles.tex)
(/usr/share/texlive/texmf-dist/tex/generic/circuitikz/pgfcircbipoles.tex)
(/usr/share/texlive/texmf-dist/tex/generic/circuitikz/pgfcirctripoles.tex
\pgf@circ@res@count=\count309
)
(/usr/share/texlive/texmf-dist/tex/generic/circuitikz/pgfcircquadpoles.tex)
(/usr/share/texlive/texmf-dist/tex/generic/circuitikz/pgfcircmultipoles.tex)
(/usr/share/texlive/texmf-dist/tex/generic/circuitikz/pgfcirclabel.tex)
(/usr/share/texlive/texmf-dist/tex/generic/circuitikz/pgfcircvoltage.tex)
(/usr/share/texlive/texmf-dist/tex/generic/circuitikz/pgfcirccurrent.tex)
(/usr/share/texlive/texmf-dist/tex/generic/circuitikz/pgfcircflow.tex)
(/usr/share/texlive/texmf-dist/tex/generic/circuitikz/pgfcircpath.tex)

Package circuitikz Warning: You did not specify one of the voltage directions:
(circuitikz)                  oldvoltagedirection, nooldvoltagedirection, 
(circuitikz)                  RPvoltages or EFvoltages 
(circuitikz)                Default directions may have changed, 
(circuitikz)                please check the manual.

)
(/usr/share/texlive/texmf-dist/tex/generic/pgf/frontendlayer/tikz/libraries/tik
zlibrarybabel.code.tex
File: tikzlibrarybabel.code.tex 2020/01/08 v3.1.5b (3.1.5b)
)
(/usr/share/texlive/texmf-dist/tex/latex/base/ifthen.sty
Package: ifthen 2014/09/29 v1.1c Standard LaTeX ifthen package (DPC)
)) (./Utils/Fonts.sty
(/usr/share/texlive/texmf-dist/tex/latex/fontawesome/fontawesome.sty
Package: fontawesome 2016/05/15 v4.6.3.1 font awesome icons

(/usr/share/texlive/texmf-dist/tex/generic/iftex/ifxetex.sty
Package: ifxetex 2019/10/25 v0.7 ifxetex legacy package. Use iftex instead.

(/usr/share/texlive/texmf-dist/tex/generic/iftex/iftex.sty
Package: iftex 2019/11/07 v1.0c TeX engine tests
))
(/usr/share/texlive/texmf-dist/tex/generic/iftex/ifluatex.sty
Package: ifluatex 2019/10/25 v1.5 ifluatex legacy package. Use iftex instead.
)
(/usr/share/texlive/texmf-dist/tex/latex/fontawesome/fontawesomesymbols-generic
.tex)
(/usr/share/texlive/texmf-dist/tex/latex/fontawesome/fontawesomesymbols-pdftex.
tex))) (./Utils/Glossaries.sty
(/usr/share/texlive/texmf-dist/tex/latex/glossaries/base/glossaries.sty
Package: glossaries 2020/02/13 v4.45 (NLCT)

(/usr/share/texlive/texmf-dist/tex/latex/xkeyval/xkeyval.sty
Package: xkeyval 2014/12/03 v2.7a package option processing (HA)

(/usr/share/texlive/texmf-dist/tex/generic/xkeyval/xkeyval.tex
(/usr/share/texlive/texmf-dist/tex/generic/xkeyval/xkvutils.tex
\XKV@toks=\toks36
\XKV@tempa@toks=\toks37
)
\XKV@depth=\count310
File: xkeyval.tex 2014/12/03 v2.7a key=value parser (HA)
))
(/usr/share/texlive/texmf-dist/tex/latex/mfirstuc/mfirstuc.sty
Package: mfirstuc 2017/11/14 v2.06 (NLCT)
\@glsmfirst=\toks38
\@glsmrest=\toks39
)
(/usr/share/texlive/texmf-dist/tex/latex/textcase/textcase.sty
Package: textcase 2019/09/14 v1.00 Text only upper/lower case changing (DPC)
)
(/usr/share/texlive/texmf-dist/tex/latex/xfor/xfor.sty
Package: xfor 2009/02/05 v1.05 (NLCT)
)
(/usr/share/texlive/texmf-dist/tex/latex/datatool/datatool-base.sty
Package: datatool-base 2019/09/27 v2.32 (NLCT)

(/usr/share/texlive/texmf-dist/tex/latex/substr/substr.sty
Package: substr 2009/10/20 v1.2 Handle substrings
\c@su@anzahl=\count311
)
(/usr/share/texlive/texmf-dist/tex/latex/datatool/datatool-fp.sty
Package: datatool-fp 2019/09/27 v2.32 (NLCT)

(/usr/share/texlive/texmf-dist/tex/latex/fp/fp.sty
Package: fp 1995/04/02

`Fixed Point Package', Version 0.8, April 2, 1995 (C) Michael Mehlich
(/usr/share/texlive/texmf-dist/tex/latex/fp/defpattern.sty
Package: defpattern 1994/10/12
\actioncount=\count312
)
(/usr/share/texlive/texmf-dist/tex/latex/fp/fp-basic.sty
Package: fp-basic 1996/05/13
\FP@xs=\count313
\FP@xia=\count314
\FP@xib=\count315
\FP@xfa=\count316
\FP@xfb=\count317
\FP@rega=\count318
\FP@regb=\count319
\FP@regs=\count320
\FP@times=\count321
)
(/usr/share/texlive/texmf-dist/tex/latex/fp/fp-addons.sty
Package: fp-addons 1995/03/15
)
(/usr/share/texlive/texmf-dist/tex/latex/fp/fp-snap.sty
Package: fp-snap 1995/04/05
)
(/usr/share/texlive/texmf-dist/tex/latex/fp/fp-exp.sty
Package: fp-exp 1995/04/03
)
(/usr/share/texlive/texmf-dist/tex/latex/fp/fp-trigo.sty
Package: fp-trigo 1995/04/14
)
(/usr/share/texlive/texmf-dist/tex/latex/fp/fp-pas.sty
Package: fp-pas 1994/08/29
)
(/usr/share/texlive/texmf-dist/tex/latex/fp/fp-random.sty
Package: fp-random 1995/02/23
\FPseed=\count322
)
(/usr/share/texlive/texmf-dist/tex/latex/fp/fp-eqn.sty
Package: fp-eqn 1995/04/03
)
(/usr/share/texlive/texmf-dist/tex/latex/fp/fp-upn.sty
Package: fp-upn 1996/10/21
)
(/usr/share/texlive/texmf-dist/tex/latex/fp/fp-eval.sty
Package: fp-eval 1995/04/03
)))
\@dtl@toks=\toks40
\@dtl@tmpcount=\count323
\dtl@tmplength=\skip58
\dtl@sortresult=\count324
\@dtl@numgrpsepcount=\count325
\@dtl@datatype=\count326
\dtl@codeA=\count327
\dtl@codeB=\count328
\@dtl@foreach@level=\count329
)
(/usr/share/texlive/texmf-dist/tex/latex/glossaries/base/glossaries-compatible-
307.sty
Package: glossaries-compatible-307 2020/02/13 v4.45 (NLCT)
) (/usr/share/texlive/texmf-dist/tex/latex/tracklang/tracklang.sty
Package: tracklang 2019/11/30 v1.4 (NLCT) Track Languages

(/usr/share/texlive/texmf-dist/tex/generic/tracklang/tracklang.tex))
(/usr/share/texlive/texmf-dist/tex/latex/translator/translator.sty
Package: translator 2019-05-31 v1.12a Easy translation of strings in LaTeX
)
(/usr/share/texlive/texmf-dist/tex/latex/glossaries-french/glossaries-french.ld
f
File: glossaries-french.ldf 2016/12/12 v1.1
)
\gls@level=\count330
\@gls@tmpb=\toks41
\gls@tmplen=\skip59
\glskeylisttok=\toks42
\glslabeltok=\toks43
\glsshorttok=\toks44
\glslongtok=\toks45

(/usr/share/texlive/texmf-dist/tex/latex/glossaries/styles/glossary-hypernav.st
y
Package: glossary-hypernav 2020/02/13 v4.45 (NLCT)
) (/usr/share/texlive/texmf-dist/tex/latex/glossaries/styles/glossary-list.sty
Package: glossary-list 2020/02/13 v4.45 (NLCT)
\glslistdottedwidth=\skip60
) (/usr/share/texlive/texmf-dist/tex/latex/glossaries/styles/glossary-long.sty
Package: glossary-long 2020/02/13 v4.45 (NLCT)

(/usr/share/texlive/texmf-dist/tex/latex/tools/longtable.sty
Package: longtable 2020/01/07 v4.13 Multi-page Table package (DPC)
\LTleft=\skip61
\LTright=\skip62
\LTpre=\skip63
\LTpost=\skip64
\LTchunksize=\count331
\LTcapwidth=\dimen293
\LT@head=\box75
\LT@firsthead=\box76
\LT@foot=\box77
\LT@lastfoot=\box78
\LT@cols=\count332
\LT@rows=\count333
\c@LT@tables=\count334
\c@LT@chunks=\count335
\LT@p@ftn=\toks46
)
\glsdescwidth=\skip65
\glspagelistwidth=\skip66
)
(/usr/share/texlive/texmf-dist/tex/latex/glossaries/styles/glossary-super.sty
Package: glossary-super 2020/02/13 v4.45 (NLCT)

(/usr/share/texlive/texmf-dist/tex/latex/supertabular/supertabular.sty
Package: supertabular 2020/02/02 v4.1g the supertabular environment
\c@tracingst=\count336
\ST@wd=\dimen294
\ST@rightskip=\skip67
\ST@leftskip=\skip68
\ST@parfillskip=\skip69
\ST@pageleft=\dimen295
\ST@headht=\dimen296
\ST@tailht=\dimen297
\ST@pagesofar=\dimen298
\ST@pboxht=\dimen299
\ST@lineht=\dimen300
\ST@prevht=\dimen301
\ST@toadd=\dimen302
\ST@dimen=\dimen303
\ST@pbox=\box79
))
(/usr/share/texlive/texmf-dist/tex/latex/glossaries/styles/glossary-tree.sty
Package: glossary-tree 2020/02/13 v4.45 (NLCT)
\glstreeindent=\skip70
))
Utils : Package 'Glossaries' loaded !
) (./Utils/Graphics.sty
(/usr/share/texlive/texmf-dist/tex/latex/csvsimple/csvsimple.sty
Package: csvsimple 2019/04/09 version 1.21 LaTeX CSV file processing

(/usr/share/texlive/texmf-dist/tex/latex/tools/shellesc.sty
Package: shellesc 2019/11/08 v1.0c unified shell escape interface for LaTeX
Package shellesc Info: Restricted shell escape enabled on input line 77.
)
\csv@file=\read5
\c@csvinputline=\count337
\c@csvrow=\count338
\c@csvcol=\count339
\csv@out=\write6
)
(/usr/share/texlive/texmf-dist/tex/latex/pgfplots/pgfplots.sty
(/usr/share/texlive/texmf-dist/tex/generic/pgfplots/pgfplots.revision.tex)
Package: pgfplots 2018/03/28 v1.16 Data Visualization (1.16)

(/usr/share/texlive/texmf-dist/tex/generic/pgfplots/pgfplots.code.tex
(/usr/share/texlive/texmf-dist/tex/generic/pgfplots/pgfplotscore.code.tex
\t@pgfplots@toka=\toks47
\t@pgfplots@tokb=\toks48
\t@pgfplots@tokc=\toks49
\pgfplots@tmpa=\dimen304
\c@pgfplots@coordindex=\count340
\c@pgfplots@scanlineindex=\count341

(/usr/share/texlive/texmf-dist/tex/generic/pgfplots/sys/pgfplotssysgeneric.code
.tex))
(/usr/share/texlive/texmf-dist/tex/generic/pgfplots/libs/pgfplotslibrary.code.t
ex)
(/usr/share/texlive/texmf-dist/tex/generic/pgfplots/oldpgfcompatib/pgfplotsoldp
gfsupp_loader.code.tex
(/usr/share/texlive/texmf-dist/tex/generic/pgf/libraries/pgflibraryfpu.code.tex
))
(/usr/share/texlive/texmf-dist/tex/generic/pgfplots/util/pgfplotsutil.code.tex
(/usr/share/texlive/texmf-dist/tex/generic/pgfplots/liststructure/pgfplotslists
tructure.code.tex)
(/usr/share/texlive/texmf-dist/tex/generic/pgfplots/liststructure/pgfplotslists
tructureext.code.tex)
(/usr/share/texlive/texmf-dist/tex/generic/pgfplots/liststructure/pgfplotsarray
.code.tex
\c@pgfplotsarray@tmp=\count342
)
(/usr/share/texlive/texmf-dist/tex/generic/pgfplots/liststructure/pgfplotsmatri
x.code.tex)
(/usr/share/texlive/texmf-dist/tex/generic/pgfplots/numtable/pgfplotstableshare
d.code.tex
\c@pgfplotstable@counta=\count343
\t@pgfplotstable@a=\toks50
)
(/usr/share/texlive/texmf-dist/tex/generic/pgfplots/liststructure/pgfplotsdeque
.code.tex)
(/usr/share/texlive/texmf-dist/tex/generic/pgfplots/util/pgfplotsbinary.code.te
x
(/usr/share/texlive/texmf-dist/tex/generic/pgfplots/util/pgfplotsbinary.data.co
de.tex))
(/usr/share/texlive/texmf-dist/tex/generic/pgfplots/util/pgfplotsutil.verb.code
.tex)
(/usr/share/texlive/texmf-dist/tex/generic/pgfplots/libs/pgflibrarypgfplots.sur
fshading.code.tex
\c@pgfplotslibrarysurf@no=\count344

(/usr/share/texlive/texmf-dist/tex/generic/pgfplots/sys/pgflibrarypgfplots.surf
shading.pgfsys-pdftex.def)))
(/usr/share/texlive/texmf-dist/tex/generic/pgfplots/util/pgfplotscolormap.code.
tex
(/usr/share/texlive/texmf-dist/tex/generic/pgfplots/util/pgfplotscolor.code.tex
))
(/usr/share/texlive/texmf-dist/tex/generic/pgfplots/pgfplotsstackedplots.code.t
ex)
(/usr/share/texlive/texmf-dist/tex/generic/pgfplots/pgfplotsplothandlers.code.t
ex
(/usr/share/texlive/texmf-dist/tex/generic/pgfplots/pgfplotsmeshplothandler.cod
e.tex
(/usr/share/texlive/texmf-dist/tex/generic/pgfplots/pgfplotsmeshplotimage.code.
tex)))
(/usr/share/texlive/texmf-dist/tex/generic/pgfplots/pgfplots.scaling.code.tex)
(/usr/share/texlive/texmf-dist/tex/generic/pgfplots/pgfplotscoordprocessing.cod
e.tex)
(/usr/share/texlive/texmf-dist/tex/generic/pgfplots/pgfplots.errorbars.code.tex
) (/usr/share/texlive/texmf-dist/tex/generic/pgfplots/pgfplots.markers.code.tex
) (/usr/share/texlive/texmf-dist/tex/generic/pgfplots/pgfplotsticks.code.tex)
(/usr/share/texlive/texmf-dist/tex/generic/pgfplots/pgfplots.paths.code.tex)
(/usr/share/texlive/texmf-dist/tex/generic/pgf/frontendlayer/tikz/libraries/tik
zlibrarydecorations.pathreplacing.code.tex
(/usr/share/texlive/texmf-dist/tex/generic/pgf/libraries/decorations/pgflibrary
decorations.pathreplacing.code.tex))
\pgfplots@numplots=\count345
\pgfplots@xmin@reg=\dimen305
\pgfplots@xmax@reg=\dimen306
\pgfplots@ymin@reg=\dimen307
\pgfplots@ymax@reg=\dimen308
\pgfplots@zmin@reg=\dimen309
\pgfplots@zmax@reg=\dimen310
)
(/usr/share/texlive/texmf-dist/tex/generic/pgf/frontendlayer/tikz/libraries/tik
zlibraryplotmarks.code.tex
File: tikzlibraryplotmarks.code.tex 2020/01/08 v3.1.5b (3.1.5b)

(/usr/share/texlive/texmf-dist/tex/generic/pgf/libraries/pgflibraryplotmarks.co
de.tex
File: pgflibraryplotmarks.code.tex 2020/01/08 v3.1.5b (3.1.5b)
))) (/usr/share/texlive/texmf-dist/tex/latex/version/version.sty
Package: version 2009/09/15  v 2.0
Package version Info: Excluding comment environments declared on input line 115
.
)
(/usr/share/texlive/texmf-dist/tex/latex/caption/caption.sty
Package: caption 2020/01/03 v3.4h Customizing captions (AR)

(/usr/share/texlive/texmf-dist/tex/latex/caption/caption3.sty
Package: caption3 2020/01/03 v1.8h caption3 kernel (AR)
Package caption3 Info: TeX engine: e-TeX on input line 61.
\captionmargin=\dimen311
\captionmargin@=\dimen312
\captionwidth=\dimen313
\caption@tempdima=\dimen314
\caption@indent=\dimen315
\caption@parindent=\dimen316
\caption@hangindent=\dimen317
Package caption Info: Standard document class detected.
)
\c@caption@flags=\count346
\c@continuedfloat=\count347
Package caption Info: longtable package is loaded.

(/usr/share/texlive/texmf-dist/tex/latex/caption/ltcaption.sty
Package: ltcaption 2018/08/26 v1.4a longtable captions (AR)
)
Package caption Info: supertabular package is loaded.
)
(/usr/share/texlive/texmf-dist/tex/latex/caption/subcaption.sty
Package: subcaption 2020/01/22 v1.3d Sub-captions (AR)
\c@subfigure=\count348
\c@subtable=\count349
))
(./Utils/Header.sty (/usr/share/texlive/texmf-dist/tex/latex/base/textcomp.sty
Package: textcomp 2020/02/02 v2.0n Standard LaTeX package
) (/usr/share/texlive/texmf-dist/tex/latex/fancyhdr/fancyhdr.sty
Package: fancyhdr 2019/01/31 v3.10 Extensive control of page headers and footer
s
\f@nch@headwidth=\skip71
\f@nch@O@elh=\skip72
\f@nch@O@erh=\skip73
\f@nch@O@olh=\skip74
\f@nch@O@orh=\skip75
\f@nch@O@elf=\skip76
\f@nch@O@erf=\skip77
\f@nch@O@olf=\skip78
\f@nch@O@orf=\skip79
)
(/usr/share/texlive/texmf-dist/tex/latex/lastpage/lastpage.sty
Package: lastpage 2015/03/29 v1.2m Refers to last page's name (HMM; JPG)
)
(/usr/share/texlive/texmf-dist/tex/latex/float/float.sty
Package: float 2001/11/08 v1.3d Float enhancements (AL)
\c@float@type=\count350
\float@exts=\toks51
\float@box=\box80
\@float@everytoks=\toks52
\@floatcapt=\box81
)
(/usr/share/texlive/texmf-dist/tex/latex/wrapfig/wrapfig.sty
\wrapoverhang=\dimen318
\WF@size=\dimen319
\c@WF@wrappedlines=\count351
\WF@box=\box82
\WF@everypar=\toks53
Package: wrapfig 2003/01/31  v 3.6
)
(/usr/share/texlive/texmf-dist/tex/latex/geometry/geometry.sty
Package: geometry 2020/01/02 v5.9 Page Geometry

(/usr/share/texlive/texmf-dist/tex/generic/iftex/ifvtex.sty
Package: ifvtex 2019/10/25 v1.7 ifvtex legacy package. Use iftex instead.
)
\Gm@cnth=\count352
\Gm@cntv=\count353
\c@Gm@tempcnt=\count354
\Gm@bindingoffset=\dimen320
\Gm@wd@mp=\dimen321
\Gm@odd@mp=\dimen322
\Gm@even@mp=\dimen323
\Gm@layoutwidth=\dimen324
\Gm@layoutheight=\dimen325
\Gm@layouthoffset=\dimen326
\Gm@layoutvoffset=\dimen327
\Gm@dimlist=\toks54
))
(./Utils/Images.sty
\c@imgCounter=\count355
) (./Utils/Index.sty
(/usr/share/texlive/texmf-dist/tex/latex/base/makeidx.sty
Package: makeidx 2014/09/29 v1.0m Standard LaTeX package
)
\@indexfile=\write7
\openout7 = `main.idx'.


Writing index file main.idx
) (./Utils/Items.sty
(/usr/share/texlive/texmf-dist/tex/latex/enumitem/enumitem.sty
Package: enumitem 2019/06/20 v3.9 Customized lists
\labelindent=\skip80
\enit@outerparindent=\dimen328
\enit@toks=\toks55
\enit@inbox=\box83
\enit@count@id=\count356
\enitdp@description=\count357
)
(/usr/share/texlive/texmf-dist/tex/latex/psnfss/pifont.sty
Package: pifont 2005/04/12 PSNFSS-v9.2a Pi font support (SPQR) 
LaTeX Font Info:    Trying to load font information for U+pzd on input line 63.


(/usr/share/texlive/texmf-dist/tex/latex/psnfss/upzd.fd
File: upzd.fd 2001/06/04 font definitions for U/pzd.
)
LaTeX Font Info:    Trying to load font information for U+psy on input line 64.


(/usr/share/texlive/texmf-dist/tex/latex/psnfss/upsy.fd
File: upsy.fd 2001/06/04 font definitions for U/psy.
))) (./Utils/Labels.sty
(/usr/share/texlive/texmf-dist/tex/latex/tcolorbox/tcblistings.code.tex
Library (tcolorbox): 'tcblistings.code.tex' version '4.22'
(/usr/share/texlive/texmf-dist/tex/latex/listings/listings.sty
\lst@mode=\count358
\lst@gtempboxa=\box84
\lst@token=\toks56
\lst@length=\count359
\lst@currlwidth=\dimen329
\lst@column=\count360
\lst@pos=\count361
\lst@lostspace=\dimen330
\lst@width=\dimen331
\lst@newlines=\count362
\lst@lineno=\count363
\lst@maxwidth=\dimen332

(/usr/share/texlive/texmf-dist/tex/latex/listings/lstmisc.sty
File: lstmisc.sty 2019/09/10 1.8c (Carsten Heinz)
\c@lstnumber=\count364
\lst@skipnumbers=\count365
\lst@framebox=\box85
)
(/usr/share/texlive/texmf-dist/tex/latex/listings/listings.cfg
File: listings.cfg 2019/09/10 1.8c listings configuration
))
Package: listings 2019/09/10 1.8c (Carsten Heinz)

(/usr/share/texlive/texmf-dist/tex/latex/tcolorbox/tcblistingscore.code.tex
Library (tcolorbox): 'tcblistingscore.code.tex' version '4.22'
(/usr/share/texlive/texmf-dist/tex/latex/tcolorbox/tcbprocessing.code.tex
Library (tcolorbox): 'tcbprocessing.code.tex' version '4.22'
(/usr/share/texlive/texmf-dist/tex/latex/pdftexcmds/pdftexcmds.sty
Package: pdftexcmds 2019/11/24 v0.31 Utility functions of pdfTeX for LuaTeX (HO
)

(/usr/share/texlive/texmf-dist/tex/generic/infwarerr/infwarerr.sty
Package: infwarerr 2019/12/03 v1.5 Providing info/warning/error messages (HO)
)
(/usr/share/texlive/texmf-dist/tex/generic/ltxcmds/ltxcmds.sty
Package: ltxcmds 2019/12/15 v1.24 LaTeX kernel commands for general use (HO)
)
Package pdftexcmds Info: \pdf@primitive is available.
Package pdftexcmds Info: \pdf@ifprimitive is available.
Package pdftexcmds Info: \pdfdraftmode found.
))
\c@tcblisting=\count366
)))
(./Utils/Layout.sty
(/usr/share/texlive/texmf-dist/tex/latex/amsfonts/amssymb.sty
Package: amssymb 2013/01/14 v3.01 AMS font symbols

(/usr/share/texlive/texmf-dist/tex/latex/amsfonts/amsfonts.sty
Package: amsfonts 2013/01/14 v3.01 Basic AMSFonts support
\symAMSa=\mathgroup4
\symAMSb=\mathgroup5
LaTeX Font Info:    Redeclaring math symbol \hbar on input line 98.
LaTeX Font Info:    Overwriting math alphabet `\mathfrak' in version `bold'
(Font)                  U/euf/m/n --> U/euf/b/n on input line 106.
))
(/usr/share/texlive/texmf-dist/tex/latex/amscls/amsthm.sty
Package: amsthm 2017/10/31 v2.20.4
\thm@style=\toks57
\thm@bodyfont=\toks58
\thm@headfont=\toks59
\thm@notefont=\toks60
\thm@headpunct=\toks61
\thm@preskip=\skip81
\thm@postskip=\skip82
\thm@headsep=\skip83
\dth@everypar=\toks62
)) (./Utils/Links.sty (/usr/share/texlive/texmf-dist/tex/latex/hyperref/hyperre
f.sty
Package: hyperref 2020/01/14 v7.00d Hypertext links for LaTeX

(/usr/share/texlive/texmf-dist/tex/generic/kvsetkeys/kvsetkeys.sty
Package: kvsetkeys 2019/12/15 v1.18 Key value parser (HO)
)
(/usr/share/texlive/texmf-dist/tex/generic/kvdefinekeys/kvdefinekeys.sty
Package: kvdefinekeys 2019-12-19 v1.6 Define keys (HO)
)
(/usr/share/texlive/texmf-dist/tex/generic/pdfescape/pdfescape.sty
Package: pdfescape 2019/12/09 v1.15 Implements pdfTeX's escape features (HO)
)
(/usr/share/texlive/texmf-dist/tex/latex/hycolor/hycolor.sty
Package: hycolor 2020-01-27 v1.10 Color options for hyperref/bookmark (HO)
)
(/usr/share/texlive/texmf-dist/tex/latex/letltxmacro/letltxmacro.sty
Package: letltxmacro 2019/12/03 v1.6 Let assignment for LaTeX macros (HO)
)
(/usr/share/texlive/texmf-dist/tex/latex/auxhook/auxhook.sty
Package: auxhook 2019-12-17 v1.6 Hooks for auxiliary files (HO)
)
(/usr/share/texlive/texmf-dist/tex/latex/kvoptions/kvoptions.sty
Package: kvoptions 2019/11/29 v3.13 Key value format for package options (HO)
)
\@linkdim=\dimen333
\Hy@linkcounter=\count367
\Hy@pagecounter=\count368

(/usr/share/texlive/texmf-dist/tex/latex/hyperref/pd1enc.def
File: pd1enc.def 2020/01/14 v7.00d Hyperref: PDFDocEncoding definition (HO)
Now handling font encoding PD1 ...
... no UTF-8 mapping file for font encoding PD1
)
(/usr/share/texlive/texmf-dist/tex/generic/intcalc/intcalc.sty
Package: intcalc 2019/12/15 v1.3 Expandable calculations with integers (HO)
)
(/usr/share/texlive/texmf-dist/tex/generic/etexcmds/etexcmds.sty
Package: etexcmds 2019/12/15 v1.7 Avoid name clashes with e-TeX commands (HO)
)
\Hy@SavedSpaceFactor=\count369
\pdfmajorversion=\count370
Package hyperref Info: Hyper figures OFF on input line 4547.
Package hyperref Info: Link nesting OFF on input line 4552.
Package hyperref Info: Hyper index ON on input line 4555.
Package hyperref Info: Plain pages OFF on input line 4562.
Package hyperref Info: Backreferencing OFF on input line 4567.
Package hyperref Info: Implicit mode ON; LaTeX internals redefined.
Package hyperref Info: Bookmarks ON on input line 4800.
\c@Hy@tempcnt=\count371

(/usr/share/texlive/texmf-dist/tex/latex/url/url.sty
\Urlmuskip=\muskip17
Package: url 2013/09/16  ver 3.4  Verb mode for urls, etc.
)
LaTeX Info: Redefining \url on input line 5159.
\XeTeXLinkMargin=\dimen334

(/usr/share/texlive/texmf-dist/tex/generic/bitset/bitset.sty
Package: bitset 2019/12/09 v1.3 Handle bit-vector datatype (HO)

(/usr/share/texlive/texmf-dist/tex/generic/bigintcalc/bigintcalc.sty
Package: bigintcalc 2019/12/15 v1.5 Expandable calculations on big integers (HO
)
))
\Fld@menulength=\count372
\Field@Width=\dimen335
\Fld@charsize=\dimen336
Package hyperref Info: Hyper figures OFF on input line 6430.
Package hyperref Info: Link nesting OFF on input line 6435.
Package hyperref Info: Hyper index ON on input line 6438.
Package hyperref Info: backreferencing OFF on input line 6445.
Package hyperref Info: Link coloring OFF on input line 6450.
Package hyperref Info: Link coloring with OCG OFF on input line 6455.
Package hyperref Info: PDF/A mode OFF on input line 6460.
LaTeX Info: Redefining \ref on input line 6500.
LaTeX Info: Redefining \pageref on input line 6504.

(/usr/share/texlive/texmf-dist/tex/generic/atbegshi/atbegshi.sty
Package: atbegshi 2019/12/05 v1.19 At begin shipout hook (HO)
)
\Hy@abspage=\count373
\c@Item=\count374
\c@Hfootnote=\count375
)
Package hyperref Info: Driver (autodetected): hpdftex.

(/usr/share/texlive/texmf-dist/tex/latex/hyperref/hpdftex.def
File: hpdftex.def 2020/01/14 v7.00d Hyperref driver for pdfTeX

(/usr/share/texlive/texmf-dist/tex/latex/atveryend/atveryend.sty
Package: atveryend 2019-12-11 v1.11 Hooks at the very end of document (HO)
)
\Fld@listcount=\count376
\c@bookmark@seq@number=\count377

(/usr/share/texlive/texmf-dist/tex/latex/rerunfilecheck/rerunfilecheck.sty
Package: rerunfilecheck 2019/12/05 v1.9 Rerun checks for auxiliary files (HO)

(/usr/share/texlive/texmf-dist/tex/generic/uniquecounter/uniquecounter.sty
Package: uniquecounter 2019/12/15 v1.4 Provide unlimited unique counter (HO)
)
Package uniquecounter Info: New unique counter `rerunfilecheck' on input line 2
86.
)
\Hy@SectionHShift=\skip84
))
(./Utils/Lipsum.sty) (/usr/share/texlive/texmf-dist/tex/latex/lipsum/lipsum.sty
Package: lipsum 2019/01/02 v2.2 150 paragraphs of Lorem Ipsum dummy text
(/usr/share/texlive/texmf-dist/tex/latex/lipsum/lipsum.ltd.tex
File: lipsum.ltd.tex 2019/01/02 v2.2 The Lorem ipsum dummy text
))
(./Utils/Maths.sty) (./Utils/MessageBox.sty
\c@messageBoxCounter=\count378
) (./Utils/Nomenclature.sty
(/usr/share/texlive/texmf-dist/tex/latex/nomencl/nomencl.sty
Package: nomencl 2019/11/23 v5.3 Nomenclature package

(/usr/share/texlive/texmf-dist/tex/latex/koma-script/tocbasic.sty
Package: tocbasic 2020/01/24 v3.29 KOMA-Script package (handling toc-files)

(/usr/share/texlive/texmf-dist/tex/latex/koma-script/scrbase.sty
Package: scrbase 2020/01/24 v3.29 KOMA-Script package (KOMA-Script-independent 
basics and keyval usage)

(/usr/share/texlive/texmf-dist/tex/latex/koma-script/scrlfile.sty
Package: scrlfile 2020/01/24 v3.29 KOMA-Script package (loading files)
))
\scr@dte@tocline@numberwidth=\skip85
\scr@dte@tocline@numbox=\box86
)
Package tocbasic Info: setting babel extension for `nlo' on input line 163.
Package tocbasic Info: setting babel extension for `nls' on input line 164.
\nomlabelwidth=\dimen337
\nom@tempdim=\dimen338
\nomitemsep=\skip86
)
\@nomenclaturefile=\write8
\openout8 = `main.nlo'.

Package nomencl Info: Writing nomenclature file main.nlo on input line 11.
)
(./Utils/Objects3D.sty) (./Utils/Parts.sty) (./Utils/Pdf.sty
(/usr/share/texlive/texmf-dist/tex/latex/pdfpages/pdfpages.sty
Package: pdfpages 2020/01/28 v0.5q Insert pages of external PDF documents (AM)

(/usr/share/texlive/texmf-dist/tex/latex/tools/calc.sty
Package: calc 2017/05/25 v4.3 Infix arithmetic (KKT,FJ)
\calc@Acount=\count379
\calc@Bcount=\count380
\calc@Adimen=\dimen339
\calc@Bdimen=\dimen340
\calc@Askip=\skip87
\calc@Bskip=\skip88
LaTeX Info: Redefining \setlength on input line 80.
LaTeX Info: Redefining \addtolength on input line 81.
\calc@Ccount=\count381
\calc@Cskip=\skip89
)
(/usr/share/texlive/texmf-dist/tex/latex/eso-pic/eso-pic.sty
Package: eso-pic 2018/04/12 v2.0h eso-pic (RN)
)
\AM@pagewidth=\dimen341
\AM@pageheight=\dimen342

(/usr/share/texlive/texmf-dist/tex/latex/pdfpages/pppdftex.def
File: pppdftex.def 2020/01/28 v0.5q Pdfpages driver for pdfTeX (AM)
)
\AM@pagebox=\box87
\AM@global@opts=\toks63
\AM@pagecnt=\count382
\AM@toc@title=\toks64
\c@AM@survey=\count383
\AM@templatesizebox=\box88
))
(./Utils/Programming.sty
(/usr/share/texlive/texmf-dist/tex/latex/multirow/multirow.sty
Package: multirow 2019/05/31 v2.5 Span multiple rows of a table
\multirow@colwidth=\skip90
\multirow@cntb=\count384
\multirow@dima=\skip91
\bigstrutjot=\dimen343
)
(/usr/share/texlive/texmf-dist/tex/latex/tools/tabularx.sty
Package: tabularx 2020/01/15 v2.11c `tabularx' package (DPC)

(/usr/share/texlive/texmf-dist/tex/latex/tools/array.sty
Package: array 2019/08/31 v2.4l Tabular extension package (FMi)
\col@sep=\dimen344
\ar@mcellbox=\box89
\extrarowheight=\dimen345
\NC@list=\toks65
\extratabsurround=\skip92
\backup@length=\skip93
\ar@cellbox=\box90
)
\TX@col@width=\dimen346
\TX@old@table=\dimen347
\TX@old@col=\dimen348
\TX@target=\dimen349
\TX@delta=\dimen350
\TX@cols=\count385
\TX@ftn=\toks66
)) (./Utils/Quotes.sty) (./Utils/Theorems.sty
\c@question=\count386
\c@reponse=\count387
\c@propriete=\count388
\c@proposition=\count389
\c@remarque=\count390
\c@exemple=\count391
)
\c@definition=\count392
 (./Utils/Titles.sty
(/usr/share/texlive/texmf-dist/tex/latex/titlesec/titlesec.sty
Package: titlesec 2019/10/16 v2.13 Sectioning titles
\ttl@box=\box91
\beforetitleunit=\skip94
\aftertitleunit=\skip95
\ttl@plus=\dimen351
\ttl@minus=\dimen352
\ttl@toksa=\toks67
\titlewidth=\dimen353
\titlewidthlast=\dimen354
\titlewidthfirst=\dimen355
)))
(./Utils/Tree.sty)) (./Settings.tex
(/usr/share/texlive/texmf-dist/tex/latex/fncychap/fncychap.sty
Package: fncychap 2007/07/30 v1.34 LaTeX package (Revised chapters)
\RW=\skip96
\mylen=\skip97
\myhi=\skip98
\px=\skip99
\py=\skip100
\pyy=\skip101
\pxx=\skip102
\backskip=\skip103
)
>>> Utils - [MData] : title='Ateliers CREPP
>>> Utils - [MData] : author(s)='Nicolas Le Guerrou'
>>> Utils - [MData] : subject='Ateliers CREPP'
>>> Utils - [MData] : creator='Nicolas Le Guerrou'
>>> Utils - [MData] : keywords='Latex'
>>> Utils - [MData] : link colors='green'
>>> Utils - [MData] : bib links colors='blue'
>>> Utils - [MData] : link file colors='blue'

Package hyperref Warning: Option `bookmarks' has already been used,
(hyperref)                setting the option has no effect on input line 52.

Package hyperref Info: Option `unicode' set `true' on input line 52.
(/usr/share/texlive/texmf-dist/tex/latex/hyperref/puenc.def
File: puenc.def 2020/01/14 v7.00d Hyperref: PDF Unicode definition (HO)
Now handling font encoding PU ...
... no UTF-8 mapping file for font encoding PU
)
Package hyperref Info: Option `pdftoolbar' set `true' on input line 52.
Package hyperref Info: Option `pdfmenubar' set `true' on input line 52.
Package hyperref Info: Option `pdffitwindow' set `false' on input line 52.
Package hyperref Info: Option `pdfnewwindow' set `true' on input line 52.
Package hyperref Info: Option `colorlinks' set `true' on input line 52.
)
(/usr/share/texlive/texmf-dist/tex/latex/tocloft/tocloft.sty
Package: tocloft 2017/08/31 v2.3i parameterised ToC, etc., typesetting
Package tocloft Info: The document has chapter divisions on input line 51.
\cftparskip=\skip104
\cftbeforetoctitleskip=\skip105
\cftaftertoctitleskip=\skip106
\cftbeforepartskip=\skip107
\cftpartnumwidth=\skip108
\cftpartindent=\skip109
\cftbeforechapskip=\skip110
\cftchapindent=\skip111
\cftchapnumwidth=\skip112
\cftbeforesecskip=\skip113
\cftsecindent=\skip114
\cftsecnumwidth=\skip115
\cftbeforesubsecskip=\skip116
\cftsubsecindent=\skip117
\cftsubsecnumwidth=\skip118
\cftbeforesubsubsecskip=\skip119
\cftsubsubsecindent=\skip120
\cftsubsubsecnumwidth=\skip121
\cftbeforeparaskip=\skip122
\cftparaindent=\skip123
\cftparanumwidth=\skip124
\cftbeforesubparaskip=\skip125
\cftsubparaindent=\skip126
\cftsubparanumwidth=\skip127
\cftbeforeloftitleskip=\skip128
\cftafterloftitleskip=\skip129
\cftbeforefigskip=\skip130
\cftfigindent=\skip131
\cftfignumwidth=\skip132
\c@lofdepth=\count393
\c@lotdepth=\count394
\cftbeforelottitleskip=\skip133
\cftafterlottitleskip=\skip134
\cftbeforetabskip=\skip135
\cfttabindent=\skip136
\cfttabnumwidth=\skip137
)
(./Make/Glossaries.tex) (Output/main.aux)
\openout1 = `main.aux'.

LaTeX Font Info:    Checking defaults for OML/cmm/m/it on input line 9.
LaTeX Font Info:    ... okay on input line 9.
LaTeX Font Info:    Checking defaults for OMS/cmsy/m/n on input line 9.
LaTeX Font Info:    ... okay on input line 9.
LaTeX Font Info:    Checking defaults for OT1/cmr/m/n on input line 9.
LaTeX Font Info:    ... okay on input line 9.
LaTeX Font Info:    Checking defaults for T1/cmr/m/n on input line 9.
LaTeX Font Info:    ... okay on input line 9.
LaTeX Font Info:    Checking defaults for TS1/cmr/m/n on input line 9.
LaTeX Font Info:    ... okay on input line 9.
LaTeX Font Info:    Checking defaults for OMX/cmex/m/n on input line 9.
LaTeX Font Info:    ... okay on input line 9.
LaTeX Font Info:    Checking defaults for U/cmr/m/n on input line 9.
LaTeX Font Info:    ... okay on input line 9.
LaTeX Font Info:    Checking defaults for PD1/pdf/m/n on input line 9.
LaTeX Font Info:    ... okay on input line 9.
LaTeX Font Info:    Checking defaults for PU/pdf/m/n on input line 9.
LaTeX Font Info:    ... okay on input line 9.
LaTeX Font Info:    Trying to load font information for OT1+lmr on input line 9
.

(/usr/share/texmf/tex/latex/lm/ot1lmr.fd
File: ot1lmr.fd 2009/10/30 v1.6 Font defs for Latin Modern
)
LaTeX Info: Redefining \degres on input line 9.
LaTeX Info: Redefining \dots on input line 9.
LaTeX Info: Redefining \up on input line 9.


Package french.ldf Warning: OT1 encoding should not be used for French.
(french.ldf)                Add \usepackage[T1]{fontenc} to the preamble
(french.ldf)                of your document; reported on input line 9.

ABD: EveryShipout initializing macros
(/usr/share/texlive/texmf-dist/tex/context/base/mkii/supp-pdf.mkii
[Loading MPS to PDF converter (version 2006.09.02).]
\scratchcounter=\count395
\scratchdimen=\dimen356
\scratchbox=\box92
\nofMPsegments=\count396
\nofMParguments=\count397
\everyMPshowfont=\toks68
\MPscratchCnt=\count398
\MPscratchDim=\dimen357
\MPnumerator=\count399
\makeMPintoPDFobject=\count400
\everyMPtoPDFconversion=\toks69
) (/usr/share/texlive/texmf-dist/tex/latex/epstopdf-pkg/epstopdf-base.sty
Package: epstopdf-base 2020-01-24 v2.11 Base part for package epstopdf
Package epstopdf-base Info: Redefining graphics rule for `.eps' on input line 4
85.

(/usr/share/texlive/texmf-dist/tex/latex/latexconfig/epstopdf-sys.cfg
File: epstopdf-sys.cfg 2010/07/13 v1.3 Configuration of (r)epstopdf for TeX Liv
e
))
Package pgfplots notification 'compat/show suggested version=true': you might b
enefit from \pgfplotsset{compat=1.16} (current compat level: 1.7).

Package caption Info: Begin \AtBeginDocument code.
Package caption Info: float package is loaded.
Package caption Info: hyperref package is loaded.
Package caption Info: listings package is loaded.
Package caption Info: wrapfig package is loaded.
Package caption Info: End \AtBeginDocument code.
Package lastpage Info: Please have a look at the pageslts package at
(lastpage)             https://www.ctan.org/pkg/pageslts
(lastpage)             ! on input line 9.
*geometry* driver: auto-detecting
*geometry* detected driver: pdftex
*geometry* verbose mode - [ preamble ] result:
* driver: pdftex
* paper: <default>
* layout: <same size as paper>
* layoutoffset:(h,v)=(0.0pt,0.0pt)
* modes: 
* h-part:(L,W,R)=(56.9055pt, 500.484pt, 56.9055pt)
* v-part:(T,H,B)=(71.13188pt, 652.70622pt, 71.13188pt)
* \paperwidth=614.295pt
* \paperheight=794.96999pt
* \textwidth=500.484pt
* \textheight=652.70622pt
* \oddsidemargin=-15.36449pt
* \evensidemargin=-15.36449pt
* \topmargin=-38.1381pt
* \headheight=12.0pt
* \headsep=25.0pt
* \topskip=12.0pt
* \footskip=30.0pt
* \marginparwidth=44.0pt
* \marginparsep=10.0pt
* \columnsep=10.0pt
* \skip\footins=10.8pt plus 4.0pt minus 2.0pt
* \hoffset=0.0pt
* \voffset=0.0pt
* \mag=1000
* \@twocolumnfalse
* \@twosidefalse
* \@mparswitchfalse
* \@reversemarginfalse
* (1in=72.27pt=25.4mm, 1cm=28.453pt)

\c@lstlisting=\count401
\AtBeginShipoutBox=\box93
Package hyperref Info: Link coloring ON on input line 9.
(/usr/share/texlive/texmf-dist/tex/latex/hyperref/nameref.sty
Package: nameref 2019/09/16 v2.46 Cross-referencing by name of section

(/usr/share/texlive/texmf-dist/tex/latex/refcount/refcount.sty
Package: refcount 2019/12/15 v3.6 Data extraction from label references (HO)
)
(/usr/share/texlive/texmf-dist/tex/generic/gettitlestring/gettitlestring.sty
Package: gettitlestring 2019/12/15 v1.6 Cleanup title references (HO)
)
\c@section@level=\count402
)
LaTeX Info: Redefining \ref on input line 9.
LaTeX Info: Redefining \pageref on input line 9.
LaTeX Info: Redefining \nameref on input line 9.

(Output/main.out) (Output/main.out)
\@outlinefile=\write9
\openout9 = `main.out'.


(/usr/share/texlive/texmf-dist/tex/latex/pdflscape/pdflscape.sty
Package: pdflscape 2019/12/05 v0.12 Display of landscape pages in PDF (HO)

(/usr/share/texlive/texmf-dist/tex/latex/graphics/lscape.sty
Package: lscape 2000/10/22 v3.01 Landscape Pages (DPC)
)
Package pdflscape Info: Auto-detected driver: pdftex on input line 81.
)
LaTeX Font Info:    Trying to load font information for OT1+lmss on input line 
13.

(/usr/share/texmf/tex/latex/lm/ot1lmss.fd
File: ot1lmss.fd 2009/10/30 v1.6 Font defs for Latin Modern
)
<Images/aop/aop.jpeg, id=189, 213.79875pt x 236.885pt>
File: Images/aop/aop.jpeg Graphic file (type jpg)
<use Images/aop/aop.jpeg>
Package pdftex.def Info: Images/aop/aop.jpeg  used on input line 13.
(pdftex.def)             Requested size: 171.03922pt x 189.50824pt.
 [1

{/var/lib/texmf/fonts/map/pdftex/updmap/pdftex.map} <./Images/aop/aop.jpeg>] (O
utput/main.toc
LaTeX Font Info:    Trying to load font information for OML+lmm on input line 3
.

(/usr/share/texmf/tex/latex/lm/omllmm.fd
File: omllmm.fd 2009/10/30 v1.6 Font defs for Latin Modern
)
LaTeX Font Info:    Trying to load font information for OMS+lmsy on input line 
3.

(/usr/share/texmf/tex/latex/lm/omslmsy.fd
File: omslmsy.fd 2009/10/30 v1.6 Font defs for Latin Modern
)
LaTeX Font Info:    Trying to load font information for OMX+lmex on input line 
3.

(/usr/share/texmf/tex/latex/lm/omxlmex.fd
File: omxlmex.fd 2009/10/30 v1.6 Font defs for Latin Modern
)
LaTeX Font Info:    External font `lmex10' loaded for size
(Font)              <12> on input line 3.
LaTeX Font Info:    External font `lmex10' loaded for size
(Font)              <8> on input line 3.
LaTeX Font Info:    External font `lmex10' loaded for size
(Font)              <6> on input line 3.
LaTeX Font Info:    Trying to load font information for U+msa on input line 3.

(/usr/share/texlive/texmf-dist/tex/latex/amsfonts/umsa.fd
File: umsa.fd 2013/01/14 v3.01 AMS symbols A
)
LaTeX Font Info:    Trying to load font information for U+msb on input line 3.

(/usr/share/texlive/texmf-dist/tex/latex/amsfonts/umsb.fd
File: umsb.fd 2013/01/14 v3.01 AMS symbols B
)
LaTeX Font Info:    External font `lmex10' loaded for size
(Font)              <14.4> on input line 5.
LaTeX Font Info:    External font `lmex10' loaded for size
(Font)              <10> on input line 5.
LaTeX Font Info:    External font `lmex10' loaded for size
(Font)              <7> on input line 5.
 [2])
\tf@toc=\write10
\openout10 = `main.toc'.



Package Fancyhdr Warning: \headheight is too small (12.0pt): 
Make it at least 15.95134pt.
We now make it that large for the rest of the document.
This may cause the page layout to be inconsistent, however.

[3] (./Make/Contacts.tex
 Section 1.
LaTeX Font Info:    Trying to load font information for U+fontawesometwo on inp
ut line 15.
(/usr/share/texlive/texmf-dist/tex/latex/fontawesome/ufontawesometwo.fd
File: ufontawesometwo.fd 2016/05/22 Font definitions for U/fontawesometwo.
))
(./Make/Versions.tex) (./Output/add_content.tex (./Parts/8.stepper/0.intro.tex
[4

]
<Images/stepper/img.jpg, id=268, 250.9375pt x 250.9375pt>
File: Images/stepper/img.jpg Graphic file (type jpg)
<use Images/stepper/img.jpg>
Package pdftex.def Info: Images/stepper/img.jpg  used on input line 2.
(pdftex.def)             Requested size: 200.19054pt x 200.19888pt.
 [5

 <./Images/stepper/img.jpg>]
 Section 2.

Package hyperref Warning: Difference (2) between bookmark levels is greater 
(hyperref)                than one, level fixed on input line 12.

<Images/stepper/moteur_bipolaire.png, id=273, 508.14844pt x 392.96812pt>
File: Images/stepper/moteur_bipolaire.png Graphic file (type png)
<use Images/stepper/moteur_bipolaire.png>
Package pdftex.def Info: Images/stepper/moteur_bipolaire.png  used on input lin
e 24.
(pdftex.def)             Requested size: 203.25577pt x 157.18445pt.
>>> Utils: Image 'Images/stepper/moteur_bipolaire.png' [size=0.4,id 1] loaded !

<Images/stepper/step_wire.png, id=275, 793.96625pt x 528.97626pt>
File: Images/stepper/step_wire.png Graphic file (type png)
<use Images/stepper/step_wire.png>
Package pdftex.def Info: Images/stepper/step_wire.png  used on input line 26.
(pdftex.def)             Requested size: 317.58087pt x 211.58675pt.
>>> Utils: Image 'Images/stepper/step_wire.png' [size=0.4,id 2] loaded !
[6

 <./Images/stepper/moteur_bipolaire.png>]
Underfull \hbox (badness 10000) in paragraph at lines 36--38

 []

<Images/stepper/step1.png, id=284, 623.32875pt x 605.26125pt>
File: Images/stepper/step1.png Graphic file (type png)
<use Images/stepper/step1.png>
Package pdftex.def Info: Images/stepper/step1.png  used on input line 39.
(pdftex.def)             Requested size: 187.00006pt x 181.57976pt.
>>> Utils: Image 'Images/stepper/step1.png' [size=0.3,id 3] loaded !
<Images/stepper/step2.png, id=285, 716.6775pt x 706.64pt>
File: Images/stepper/step2.png Graphic file (type png)
<use Images/stepper/step2.png>
Package pdftex.def Info: Images/stepper/step2.png  used on input line 40.
(pdftex.def)             Requested size: 215.00491pt x 211.99364pt.
[7 <./Images/stepper/step_wire.png>]
>>> Utils: Image 'Images/stepper/step2.png' [size=0.3,id 4] loaded !
<Images/stepper/step3.png, id=294, 721.69624pt x 700.6175pt>
File: Images/stepper/step3.png Graphic file (type png)
<use Images/stepper/step3.png>
Package pdftex.def Info: Images/stepper/step3.png  used on input line 41.
(pdftex.def)             Requested size: 216.51054pt x 210.18686pt.
>>> Utils: Image 'Images/stepper/step3.png' [size=0.3,id 5] loaded !
[8 <./Images/stepper/step1.png> <./Images/stepper/step2.png>]
<Images/stepper/ste2.png, id=304, 724.7075pt x 712.6625pt>
File: Images/stepper/ste2.png Graphic file (type png)
<use Images/stepper/ste2.png>
Package pdftex.def Info: Images/stepper/ste2.png  used on input line 46.
(pdftex.def)             Requested size: 217.41393pt x 213.8004pt.

>>> Utils: Image 'Images/stepper/ste2.png' [size=0.3,id 6] loaded !
<Images/stepper/ste21.png, id=305, 721.69624pt x 713.66624pt>
File: Images/stepper/ste21.png Graphic file (type png)
<use Images/stepper/ste21.png>
Package pdftex.def Info: Images/stepper/ste21.png  used on input line 47.
(pdftex.def)             Requested size: 216.51054pt x 214.10152pt.
>>> Utils: Image 'Images/stepper/ste21.png' [size=0.3,id 7] loaded !
<Images/stepper/ste22.png, id=306, 723.70375pt x 717.68124pt>
File: Images/stepper/ste22.png Graphic file (type png)
<use Images/stepper/ste22.png>
Package pdftex.def Info: Images/stepper/ste22.png  used on input line 48.
(pdftex.def)             Requested size: 217.1128pt x 215.30603pt.
[9 <./Images/stepper/step3.png> <./Images/stepper/ste2.png>]
>>> Utils: Image 'Images/stepper/ste22.png' [size=0.3,id 8] loaded !
LaTeX Font Info:    Trying to load font information for TS1+lmr on input line 5
0.
(/usr/share/texmf/tex/latex/lm/ts1lmr.fd
File: ts1lmr.fd 2009/10/30 v1.6 Font defs for Latin Modern
)
<Images/stepper/inside.png, id=316, 223.83624pt x 219.82124pt>
File: Images/stepper/inside.png Graphic file (type png)
<use Images/stepper/inside.png>
Package pdftex.def Info: Images/stepper/inside.png  used on input line 51.
(pdftex.def)             Requested size: 223.8357pt x 219.8207pt.

>>> Utils: Image 'Images/stepper/inside.png' [size=1,id 9] loaded !
[10 <./Images/stepper/ste21.png> <./Images/stepper/ste22.png>] [11 <./Images/st
epper/inside.png>]
 Section 3.
<Images/stepper/udn.jpg, id=334, 289.08pt x 272.01625pt>
File: Images/stepper/udn.jpg Graphic file (type jpg)
<use Images/stepper/udn.jpg>
Package pdftex.def Info: Images/stepper/udn.jpg  used on input line 62.
(pdftex.def)             Requested size: 173.44933pt x 163.211pt.
>>> Utils: Image 'Images/stepper/udn.jpg' [size=0.6,id 10] loaded !
<Images/stepper/darlington.png, id=337, 464.73625pt x 199.74625pt>
File: Images/stepper/darlington.png Graphic file (type png)
<use Images/stepper/darlington.png>
Package pdftex.def Info: Images/stepper/darlington.png  used on input line 71.
(pdftex.def)             Requested size: 278.84389pt x 119.84866pt.
>>> Utils: Image 'Images/stepper/darlington.png' [size=0.6,id 11] loaded !
[12

 <./Images/stepper/udn.jpg>]
<Images/stepper/uln_pinout.png, id=350, 643.40375pt x 296.10625pt>
File: Images/stepper/uln_pinout.png Graphic file (type png)
<use Images/stepper/uln_pinout.png>
Package pdftex.def Info: Images/stepper/uln_pinout.png  used on input line 73.
(pdftex.def)             Requested size: 386.04523pt x 177.66512pt.

>>> Utils: Image 'Images/stepper/uln_pinout.png' [size=0.6,id 12] loaded !
<Images/stepper/pont.png, id=351, 401.5pt x 521.95pt>
File: Images/stepper/pont.png Graphic file (type png)
<use Images/stepper/pont.png>
Package pdftex.def Info: Images/stepper/pont.png  used on input line 79.
(pdftex.def)             Requested size: 200.7495pt x 260.97435pt.
>>> Utils: Image 'Images/stepper/pont.png' [size=0.5,id 13] loaded !
[13 <./Images/stepper/darlington.png> <./Images/stepper/uln_pinout.png>]
Underfull \hbox (badness 10000) in paragraph at lines 86--87

 []

<Images/stepper/l298.jpg, id=362, 803.0pt x 803.0pt>
File: Images/stepper/l298.jpg Graphic file (type jpg)
<use Images/stepper/l298.jpg>
Package pdftex.def Info: Images/stepper/l298.jpg  used on input line 92.
(pdftex.def)             Requested size: 240.90186pt x 240.90186pt.
>>> Utils: Image 'Images/stepper/l298.jpg' [size=0.3,id 14] loaded !
[14 <./Images/stepper/pont.png>] [15 <./Images/stepper/l298.jpg>]
 Section 4.
<Images/stepper/byj.png, id=379, 796.9775pt x 493.845pt>
File: Images/stepper/byj.png Graphic file (type png)
<use Images/stepper/byj.png>
Package pdftex.def Info: Images/stepper/byj.png  used on input line 132.
(pdftex.def)             Requested size: 239.0951pt x 148.15463pt.
>>> Utils: Image 'Images/stepper/byj.png' [size=0.3,id 15] loaded !
<Images/stepper/reduce.jpg, id=380, 344.78813pt x 344.78813pt>
File: Images/stepper/reduce.jpg Graphic file (type jpg)
<use Images/stepper/reduce.jpg>
Package pdftex.def Info: Images/stepper/reduce.jpg  used on input line 141.
(pdftex.def)             Requested size: 275.83087pt x 275.83087pt.
>>> Utils: Image 'Images/stepper/reduce.jpg' [size=0.8,id 16] loaded !
[16

 <./Images/stepper/byj.png>]
<Images/stepper/arduino.png, id=388, 1900.09875pt x 1138.2525pt>
File: Images/stepper/arduino.png Graphic file (type png)
<use Images/stepper/arduino.png>
Package pdftex.def Info: Images/stepper/arduino.png  used on input line 166.
(pdftex.def)             Requested size: 380.01302pt x 227.64647pt.

>>> Utils: Image 'Images/stepper/arduino.png' [size=0.2,id 17] loaded !
[17 <./Images/stepper/reduce.jpg>]
(/usr/share/texlive/texmf-dist/tex/latex/listings/lstlang1.sty
File: lstlang1.sty 2019/09/10 1.8c listings language file
)
(/usr/share/texlive/texmf-dist/tex/latex/listings/lstmisc.sty
File: lstmisc.sty 2019/09/10 1.8c (Carsten Heinz)
)
LaTeX Font Info:    Trying to load font information for OT1+lmtt on input line 
172.

(/usr/share/texmf/tex/latex/lm/ot1lmtt.fd
File: ot1lmtt.fd 2009/10/30 v1.6 Font defs for Latin Modern
)
LaTeX Font Info:    Trying to load font information for TS1+lmtt on input line 
183.

(/usr/share/texmf/tex/latex/lm/ts1lmtt.fd
File: ts1lmtt.fd 2009/10/30 v1.6 Font defs for Latin Modern
) [18 <./Images/stepper/arduino.png>]
<Images/stepper/mcu.jpeg, id=424, 224.84pt x 224.84pt>
File: Images/stepper/mcu.jpeg Graphic file (type jpg)
<use Images/stepper/mcu.jpeg>
Package pdftex.def Info: Images/stepper/mcu.jpeg  used on input line 211.
(pdftex.def)             Requested size: 179.87224pt x 179.87224pt.

>>> Utils: Image 'Images/stepper/mcu.jpeg' [size=0.8,id 18] loaded !
[19 <./Images/stepper/mcu.jpeg>]
<Images/stepper/nodeMCU.png, id=439, 820.06375pt x 544.0325pt>
File: Images/stepper/nodeMCU.png Graphic file (type png)
<use Images/stepper/nodeMCU.png>
Package pdftex.def Info: Images/stepper/nodeMCU.png  used on input line 225.
(pdftex.def)             Requested size: 328.01968pt x 217.60915pt.

>>> Utils: Image 'Images/stepper/nodeMCU.png' [size=0.4,id 19] loaded !
<Images/stepper/nodemcu.png, id=440, 1169.36874pt x 483.8075pt>
File: Images/stepper/nodemcu.png Graphic file (type png)
<use Images/stepper/nodemcu.png>
Package pdftex.def Info: Images/stepper/nodemcu.png  used on input line 238.
(pdftex.def)             Requested size: 467.73921pt x 193.51956pt.
>>> Utils: Image 'Images/stepper/nodemcu.png' [size=0.4,id 20] loaded !
[20 <./Images/stepper/nodeMCU.png>] [21 <./Images/stepper/nodemcu.png (PNG copy
)>]) (./Parts/9.esp8266/1.webServer.tex [22]
<Images/esp8266/serveurWeb.png, id=488, 560.0925pt x 245.91875pt>
File: Images/esp8266/serveurWeb.png Graphic file (type png)
<use Images/esp8266/serveurWeb.png>
Package pdftex.def Info: Images/esp8266/serveurWeb.png  used on input line 2.
(pdftex.def)             Requested size: 200.19054pt x 87.89651pt.
 [23

 <./Images/esp8266/serveurWeb.png>]
 Section 5.
<Images/esp8266/led_esp.jpg, id=494, 513.92pt x 385.44pt>
File: Images/esp8266/led_esp.jpg Graphic file (type jpg)
<use Images/esp8266/led_esp.jpg>
Package pdftex.def Info: Images/esp8266/led_esp.jpg  used on input line 7.
(pdftex.def)             Requested size: 205.56435pt x 154.17326pt.
>>> Utils: Image 'Images/esp8266/led_esp.jpg' [size=0.4,id 21] loaded !
<Images/esp8266/arch.png, id=495, 728.7225pt x 322.20375pt>
File: Images/esp8266/arch.png Graphic file (type png)
<use Images/esp8266/arch.png>
Package pdftex.def Info: Images/esp8266/arch.png  used on input line 13.
(pdftex.def)             Requested size: 291.48383pt x 128.87921pt.
>>> Utils: Image 'Images/esp8266/arch.png' [size=0.4,id 22] loaded !
[24

 <./Images/esp8266/led_esp.jpg> <./Images/esp8266/arch.png>]
<Images/esp8266/serveur.png, id=504, 665.48625pt x 220.825pt>
File: Images/esp8266/serveur.png Graphic file (type png)
<use Images/esp8266/serveur.png>
Package pdftex.def Info: Images/esp8266/serveur.png  used on input line 22.
(pdftex.def)             Requested size: 465.83719pt x 154.57643pt.

>>> Utils: Image 'Images/esp8266/serveur.png' [size=0.7,id 23] loaded !

Underfull \hbox (badness 10000) in paragraph at lines 35--37

 []


Underfull \hbox (badness 10000) in paragraph at lines 38--39

 []

[25 <./Images/esp8266/serveur.png>]
<Images/esp8266/led.png, id=518, 330.23375pt x 43.16125pt>
File: Images/esp8266/led.png Graphic file (type png)
<use Images/esp8266/led.png>
Package pdftex.def Info: Images/esp8266/led.png  used on input line 55.
(pdftex.def)             Requested size: 231.16203pt x 30.21265pt.

>>> Utils: Image 'Images/esp8266/led.png' [size=0.7,id 24] loaded !
>>> Utils: MessageBox 'Remarque' [id 1] created !
<Images/esp8266/SerialSelect.png, id=519, 822.07124pt x 321.2pt>
File: Images/esp8266/SerialSelect.png Graphic file (type png)
<use Images/esp8266/SerialSelect.png>
Package pdftex.def Info: Images/esp8266/SerialSelect.png  used on input line 87
.
(pdftex.def)             Requested size: 369.92863pt x 144.53867pt.
>>> Utils: Image 'Images/esp8266/SerialSelect.png' [size=0.45,id 25] loaded !
[26 <./Images/esp8266/led.png>]
Underfull \hbox (badness 10000) in paragraph at lines 91--92

 []

<Images/esp8266/port_serie.png, id=533, 886.31125pt x 475.7775pt>
File: Images/esp8266/port_serie.png Graphic file (type png)
<use Images/esp8266/port_serie.png>
Package pdftex.def Info: Images/esp8266/port_serie.png  used on input line 93.
(pdftex.def)             Requested size: 398.83638pt x 214.09789pt.
>>> Utils: Image 'Images/esp8266/port_serie.png' [size=0.45,id 26] loaded !

Underfull \hbox (badness 10000) in paragraph at lines 95--96

 []

<Images/esp8266/ip.png, id=534, 339.2675pt x 78.2925pt>
File: Images/esp8266/ip.png Graphic file (type png)
<use Images/esp8266/ip.png>
Package pdftex.def Info: Images/esp8266/ip.png  used on input line 100.
(pdftex.def)             Requested size: 203.56206pt x 46.97585pt.
[27 <./Images/esp8266/SerialSelect.png> <./Images/esp8266/port_serie.png>]
>>> Utils: Image 'Images/esp8266/ip.png' [size=0.6,id 27] loaded !

Underfull \hbox (badness 10000) in paragraph at lines 102--103

 []

File: Images/esp8266/serveurWeb.png Graphic file (type png)
<use Images/esp8266/serveurWeb.png>
Package pdftex.def Info: Images/esp8266/serveurWeb.png  used on input line 104.

(pdftex.def)             Requested size: 336.05809pt x 147.55237pt.
>>> Utils: Image 'Images/esp8266/serveurWeb.png' [size=0.6,id 28] loaded !

Overfull \hbox (29.5739pt too wide) in paragraph at lines 112--113
[]\OT1/lmr/m/n/12 Apr^^Res avoir im-port^^Se les bi-blioth^^Reques li^^Sees ^^R
a l'ESP12, nous d^^Sefinissons un ob-jet \OT1/lmr/bx/n/12 ESP8266WebServer
 []

[28 <./Images/esp8266/ip.png>]
Underfull \hbox (badness 10000) in paragraph at lines 133--134

 []

[29]
Underfull \hbox (badness 10000) in paragraph at lines 213--215

 []

[30] [31] [32] [33]) (./Parts/9.esp8266/2.ideArduino.tex [34] [35

]pdfTeX warning (ext4): destination with the same identifier (name{chapter.1}) 
has been already used, duplicate ignored
<to be read again> 
                   \relax 
l.3 \chapter{Utilisation de l'ESP12 sous Arduino}
                                                 
Annexe A.
<Images/esp8266/nodemcu.png, id=773, 301.125pt x 301.125pt>
File: Images/esp8266/nodemcu.png Graphic file (type png)
<use Images/esp8266/nodemcu.png>
Package pdftex.def Info: Images/esp8266/nodemcu.png  used on input line 5.
(pdftex.def)             Requested size: 240.90031pt x 240.90031pt.
>>> Utils: Image 'Images/esp8266/nodemcu.png' [size=0.8,id 29] loaded !
<Images/esp8266/preference.png, id=775, 632.3625pt x 491.8375pt>
File: Images/esp8266/preference.png Graphic file (type png)
<use Images/esp8266/preference.png>
Package pdftex.def Info: Images/esp8266/preference.png  used on input line 17.
(pdftex.def)             Requested size: 316.18048pt x 245.91814pt.
>>> Utils: Image 'Images/esp8266/preference.png' [size=0.5,id 30] loaded !
[36

 <./Images/esp8266/nodemcu.png>]
>>> Utils: MessageBox 'Avertissement' [id 2] created !
<Images/esp8266/url.png, id=786, 1032.85875pt x 622.325pt>
File: Images/esp8266/url.png Graphic file (type png)
<use Images/esp8266/url.png>
Package pdftex.def Info: Images/esp8266/url.png  used on input line 22.
(pdftex.def)             Requested size: 516.42812pt x 311.16173pt.

Overfull \hbox (15.94412pt too wide) in paragraph at lines 22--22
 [] 
 []

>>> Utils: Image 'Images/esp8266/url.png' [size=0.5,id 31] loaded !
[37 <./Images/esp8266/preference.png>]
<Images/esp8266/boardManager.png, id=795, 812.03375pt x 435.6275pt>
File: Images/esp8266/boardManager.png Graphic file (type png)
<use Images/esp8266/boardManager.png>
Package pdftex.def Info: Images/esp8266/boardManager.png  used on input line 32
.
(pdftex.def)             Requested size: 406.01588pt x 217.81322pt.

>>> Utils: Image 'Images/esp8266/boardManager.png' [size=0.5,id 32] loaded !
[38 <./Images/esp8266/url.png>]
<Images/esp8266/install.png, id=803, 1018.80624pt x 339.2675pt>
File: Images/esp8266/install.png Graphic file (type png)
<use Images/esp8266/install.png>
Package pdftex.def Info: Images/esp8266/install.png  used on input line 36.
(pdftex.def)             Requested size: 509.40187pt x 169.63333pt.

Overfull \hbox (8.91788pt too wide) in paragraph at lines 36--36
 [] 
 []

>>> Utils: Image 'Images/esp8266/install.png' [size=0.5,id 33] loaded !
<Images/esp8266/espFull.png, id=804, 1087.06125pt x 827.09pt>
File: Images/esp8266/espFull.png Graphic file (type png)
<use Images/esp8266/espFull.png>
Package pdftex.def Info: Images/esp8266/espFull.png  used on input line 49.
(pdftex.def)             Requested size: 434.81679pt x 330.83012pt.
>>> Utils: Image 'Images/esp8266/espFull.png' [size=0.4,id 34] loaded !
[39 <./Images/esp8266/boardManager.png> <./Images/esp8266/install.png>]
<Images/esp8266/blink.png, id=814, 703.62875pt x 441.65pt>
File: Images/esp8266/blink.png Graphic file (type png)
<use Images/esp8266/blink.png>
Package pdftex.def Info: Images/esp8266/blink.png  used on input line 54.
(pdftex.def)             Requested size: 281.4465pt x 176.65686pt.

>>> Utils: Image 'Images/esp8266/blink.png' [size=0.4,id 35] loaded !
[40 <./Images/esp8266/espFull.png> <./Images/esp8266/blink.png>])
(./Parts/9.esp8266/3.html.tex [41]pdfTeX warning (ext4): destination with the s
ame identifier (name{chapter.2}) has been already used, duplicate ignored
<to be read again> 
                   \relax 
l.1 \chapter{Langage HTML}
                          
Annexe B.
>>> Utils: MessageBox 'Remarque' [id 3] created !
(/usr/share/texlive/texmf-dist/tex/latex/listings/lstlang1.sty
File: lstlang1.sty 2019/09/10 1.8c listings language file
)
(/usr/share/texlive/texmf-dist/tex/latex/listings/lstmisc.sty
File: lstmisc.sty 2019/09/10 1.8c (Carsten Heinz)
) [42

] [43]
[44])) [45] 
AED: lastpage setting LastPage
Package atveryend Info: Empty hook `BeforeClearDocument' on input line 29.
Package atveryend Info: Empty hook `AfterLastShipout' on input line 29.
(Output/main.aux)
Package atveryend Info: Executing hook `AtVeryEndDocument' on input line 29.
Package atveryend Info: Executing hook `AtEndAfterFileList' on input line 29.
Package rerunfilecheck Info: File `main.out' has not changed.
(rerunfilecheck)             Checksum: <no file>.
 ) 
Here is how much of TeX's memory you used:
 63931 strings out of 481239
 1468431 string characters out of 11670376
 14358433 words of memory out of 17000000
 77662 multiletter control sequences out of 15000+600000
 615960 words of font info for 82 fonts, out of 12000000 for 9000
 1141 hyphenation exceptions out of 8191
 87i,12n,110p,1030b,2132s stack positions out of 5000i,500n,10000p,12000000b,80000s
{/usr/share/texmf/fonts/enc/dvips/lm/lm-mathit.enc}{/usr/share/texmf/fonts/en
c/dvips/lm/lm-ts1.enc}{/usr/share/texmf/fonts/enc/dvips/lm/lm-rmtt.enc}{/usr/sh
are/texmf/fonts/enc/dvips/lm/lm-mathsy.enc}{/usr/share/texmf/fonts/enc/dvips/lm
/lm-rm.enc}{/usr/share/texmf/fonts/enc/dvips/lm/lm-rmsc.enc}{/usr/share/texlive
/texmf-dist/fonts/enc/dvips/fontawesome/fontawesometwo.enc}</usr/share/texlive/
texmf-dist/fonts/type1/public/fontawesome/FontAwesome.pfb></usr/share/texmf/fon
ts/type1/public/lm/lmbx10.pfb></usr/share/texmf/fonts/type1/public/lm/lmbx12.pf
b></usr/share/texmf/fonts/type1/public/lm/lmcsc10.pfb></usr/share/texmf/fonts/t
ype1/public/lm/lmmi12.pfb></usr/share/texmf/fonts/type1/public/lm/lmmi8.pfb></u
sr/share/texmf/fonts/type1/public/lm/lmr10.pfb></usr/share/texmf/fonts/type1/pu
blic/lm/lmr12.pfb></usr/share/texmf/fonts/type1/public/lm/lmr17.pfb></usr/share
/texmf/fonts/type1/public/lm/lmr8.pfb></usr/share/texmf/fonts/type1/public/lm/l
mss12.pfb></usr/share/texmf/fonts/type1/public/lm/lmss17.pfb></usr/share/texmf/
fonts/type1/public/lm/lmssbx10.pfb></usr/share/texmf/fonts/type1/public/lm/lmsy
10.pfb></usr/share/texmf/fonts/type1/public/lm/lmtt12.pfb></usr/share/texlive/t
exmf-dist/fonts/type1/public/amsfonts/symbols/msam10.pfb>
Output written on Output/main.pdf (45 pages, 1954095 bytes).
PDF statistics:
 1043 PDF objects out of 1200 (max. 8388607)
 904 compressed objects within 10 object streams
 415 named destinations out of 1000 (max. 500000)
 566 words of extra memory for PDF output out of 10000 (max. 10000000)

